ARM GAS  C:\Users\cinar\AppData\Local\Temp\cclNl5WX.s 			page 1


   1              		.cpu cortex-m7
   2              		.eabi_attribute 28, 1
   3              		.eabi_attribute 20, 1
   4              		.eabi_attribute 21, 1
   5              		.eabi_attribute 23, 3
   6              		.eabi_attribute 24, 1
   7              		.eabi_attribute 25, 1
   8              		.eabi_attribute 26, 1
   9              		.eabi_attribute 30, 1
  10              		.eabi_attribute 34, 1
  11              		.eabi_attribute 18, 4
  12              		.file	"main.c"
  13              		.text
  14              	.Ltext0:
  15              		.cfi_sections	.debug_frame
  16              		.section	.text.MX_GPIO_Init,"ax",%progbits
  17              		.align	1
  18              		.arch armv7e-m
  19              		.syntax unified
  20              		.thumb
  21              		.thumb_func
  22              		.fpu fpv5-d16
  24              	MX_GPIO_Init:
  25              	.LFB149:
  26              		.file 1 "Src/main.c"
   1:Src/main.c    **** /* USER CODE BEGIN Header */
   2:Src/main.c    **** /**
   3:Src/main.c    ****   ******************************************************************************
   4:Src/main.c    ****   * @file           : main.c
   5:Src/main.c    ****   * @brief          : Main program body
   6:Src/main.c    ****   ******************************************************************************
   7:Src/main.c    ****   * @attention
   8:Src/main.c    ****   *
   9:Src/main.c    ****   * <h2><center>&copy; Copyright (c) 2021 STMicroelectronics.
  10:Src/main.c    ****   * All rights reserved.</center></h2>
  11:Src/main.c    ****   *
  12:Src/main.c    ****   * This software component is licensed by ST under BSD 3-Clause license,
  13:Src/main.c    ****   * the "License"; You may not use this file except in compliance with the
  14:Src/main.c    ****   * License. You may obtain a copy of the License at:
  15:Src/main.c    ****   *                        opensource.org/licenses/BSD-3-Clause
  16:Src/main.c    ****   *
  17:Src/main.c    ****   ******************************************************************************
  18:Src/main.c    ****   */
  19:Src/main.c    **** /* USER CODE END Header */
  20:Src/main.c    **** /* Includes ------------------------------------------------------------------*/
  21:Src/main.c    **** #include "main.h"
  22:Src/main.c    **** #include "string.h"
  23:Src/main.c    **** 
  24:Src/main.c    **** /* Private includes ----------------------------------------------------------*/
  25:Src/main.c    **** /* USER CODE BEGIN Includes */
  26:Src/main.c    **** 
  27:Src/main.c    **** /* USER CODE END Includes */
  28:Src/main.c    **** 
  29:Src/main.c    **** /* Private typedef -----------------------------------------------------------*/
  30:Src/main.c    **** /* USER CODE BEGIN PTD */
  31:Src/main.c    **** 
  32:Src/main.c    **** /* USER CODE END PTD */
ARM GAS  C:\Users\cinar\AppData\Local\Temp\cclNl5WX.s 			page 2


  33:Src/main.c    **** 
  34:Src/main.c    **** /* Private define ------------------------------------------------------------*/
  35:Src/main.c    **** /* USER CODE BEGIN PD */
  36:Src/main.c    **** /* USER CODE END PD */
  37:Src/main.c    **** 
  38:Src/main.c    **** /* Private macro -------------------------------------------------------------*/
  39:Src/main.c    **** /* USER CODE BEGIN PM */
  40:Src/main.c    **** 
  41:Src/main.c    **** /* USER CODE END PM */
  42:Src/main.c    **** 
  43:Src/main.c    **** /* Private variables ---------------------------------------------------------*/
  44:Src/main.c    **** #if defined ( __ICCARM__ ) /*!< IAR Compiler */
  45:Src/main.c    **** 
  46:Src/main.c    **** #pragma location=0x30040000
  47:Src/main.c    **** ETH_DMADescTypeDef  DMARxDscrTab[ETH_RX_DESC_CNT]; /* Ethernet Rx DMA Descriptors */
  48:Src/main.c    **** #pragma location=0x30040060
  49:Src/main.c    **** ETH_DMADescTypeDef  DMATxDscrTab[ETH_TX_DESC_CNT]; /* Ethernet Tx DMA Descriptors */
  50:Src/main.c    **** #pragma location=0x30040200
  51:Src/main.c    **** uint8_t Rx_Buff[ETH_RX_DESC_CNT][ETH_MAX_PACKET_SIZE]; /* Ethernet Receive Buffers */
  52:Src/main.c    **** 
  53:Src/main.c    **** #elif defined ( __CC_ARM )  /* MDK ARM Compiler */
  54:Src/main.c    **** 
  55:Src/main.c    **** __attribute__((at(0x30040000))) ETH_DMADescTypeDef  DMARxDscrTab[ETH_RX_DESC_CNT]; /* Ethernet Rx D
  56:Src/main.c    **** __attribute__((at(0x30040060))) ETH_DMADescTypeDef  DMATxDscrTab[ETH_TX_DESC_CNT]; /* Ethernet Tx D
  57:Src/main.c    **** __attribute__((at(0x30040200))) uint8_t Rx_Buff[ETH_RX_DESC_CNT][ETH_MAX_PACKET_SIZE]; /* Ethernet 
  58:Src/main.c    **** 
  59:Src/main.c    **** #elif defined ( __GNUC__ ) /* GNU Compiler */
  60:Src/main.c    **** 
  61:Src/main.c    **** ETH_DMADescTypeDef DMARxDscrTab[ETH_RX_DESC_CNT] __attribute__((section(".RxDecripSection"))); /* E
  62:Src/main.c    **** ETH_DMADescTypeDef DMATxDscrTab[ETH_TX_DESC_CNT] __attribute__((section(".TxDecripSection")));   /*
  63:Src/main.c    **** uint8_t Rx_Buff[ETH_RX_DESC_CNT][ETH_MAX_PACKET_SIZE] __attribute__((section(".RxArraySection"))); 
  64:Src/main.c    **** 
  65:Src/main.c    **** #endif
  66:Src/main.c    **** 
  67:Src/main.c    **** ETH_TxPacketConfig TxConfig;
  68:Src/main.c    **** 
  69:Src/main.c    **** ETH_HandleTypeDef heth;
  70:Src/main.c    **** 
  71:Src/main.c    **** UART_HandleTypeDef huart3;
  72:Src/main.c    **** 
  73:Src/main.c    **** /* USER CODE BEGIN PV */
  74:Src/main.c    **** 
  75:Src/main.c    **** /* USER CODE END PV */
  76:Src/main.c    **** 
  77:Src/main.c    **** /* Private function prototypes -----------------------------------------------*/
  78:Src/main.c    **** void SystemClock_Config(void);
  79:Src/main.c    **** static void MX_GPIO_Init(void);
  80:Src/main.c    **** static void MX_ETH_Init(void);
  81:Src/main.c    **** static void MX_USART3_UART_Init(void);
  82:Src/main.c    **** static void MX_USB_OTG_HS_USB_Init(void);
  83:Src/main.c    **** /* USER CODE BEGIN PFP */
  84:Src/main.c    **** 
  85:Src/main.c    **** /* USER CODE END PFP */
  86:Src/main.c    **** 
  87:Src/main.c    **** /* Private user code ---------------------------------------------------------*/
  88:Src/main.c    **** /* USER CODE BEGIN 0 */
  89:Src/main.c    **** 
ARM GAS  C:\Users\cinar\AppData\Local\Temp\cclNl5WX.s 			page 3


  90:Src/main.c    **** /* USER CODE END 0 */
  91:Src/main.c    **** 
  92:Src/main.c    **** /**
  93:Src/main.c    ****   * @brief  The application entry point.
  94:Src/main.c    ****   * @retval int
  95:Src/main.c    ****   */
  96:Src/main.c    **** int main(void)
  97:Src/main.c    **** {
  98:Src/main.c    ****   /* USER CODE BEGIN 1 */
  99:Src/main.c    **** 
 100:Src/main.c    ****   /* USER CODE END 1 */
 101:Src/main.c    **** 
 102:Src/main.c    ****   /* MCU Configuration--------------------------------------------------------*/
 103:Src/main.c    **** 
 104:Src/main.c    ****   /* Reset of all peripherals, Initializes the Flash interface and the Systick. */
 105:Src/main.c    ****   HAL_Init();
 106:Src/main.c    **** 
 107:Src/main.c    ****   /* USER CODE BEGIN Init */
 108:Src/main.c    **** 
 109:Src/main.c    ****   /* USER CODE END Init */
 110:Src/main.c    **** 
 111:Src/main.c    ****   /* Configure the system clock */
 112:Src/main.c    ****   SystemClock_Config();
 113:Src/main.c    **** 
 114:Src/main.c    ****   /* USER CODE BEGIN SysInit */
 115:Src/main.c    **** 
 116:Src/main.c    ****   /* USER CODE END SysInit */
 117:Src/main.c    **** 
 118:Src/main.c    ****   /* Initialize all configured peripherals */
 119:Src/main.c    ****   MX_GPIO_Init();
 120:Src/main.c    ****   MX_ETH_Init();
 121:Src/main.c    ****   MX_USART3_UART_Init();
 122:Src/main.c    ****   MX_USB_OTG_HS_USB_Init();
 123:Src/main.c    ****   /* USER CODE BEGIN 2 */
 124:Src/main.c    **** 
 125:Src/main.c    ****   /* USER CODE END 2 */
 126:Src/main.c    **** 
 127:Src/main.c    ****   /* Infinite loop */
 128:Src/main.c    ****   /* USER CODE BEGIN WHILE */
 129:Src/main.c    ****   while (1)
 130:Src/main.c    ****   {
 131:Src/main.c    ****     /* USER CODE END WHILE */
 132:Src/main.c    **** 
 133:Src/main.c    ****     /* USER CODE BEGIN 3 */
 134:Src/main.c    **** 	HAL_GPIO_TogglePin(LED_YELLOW_GPIO_Port, LED_YELLOW_Pin);
 135:Src/main.c    **** 	HAL_Delay(100);
 136:Src/main.c    ****   }
 137:Src/main.c    ****   /* USER CODE END 3 */
 138:Src/main.c    **** }
 139:Src/main.c    **** 
 140:Src/main.c    **** /**
 141:Src/main.c    ****   * @brief System Clock Configuration
 142:Src/main.c    ****   * @retval None
 143:Src/main.c    ****   */
 144:Src/main.c    **** void SystemClock_Config(void)
 145:Src/main.c    **** {
 146:Src/main.c    ****   RCC_OscInitTypeDef RCC_OscInitStruct = {0};
ARM GAS  C:\Users\cinar\AppData\Local\Temp\cclNl5WX.s 			page 4


 147:Src/main.c    ****   RCC_ClkInitTypeDef RCC_ClkInitStruct = {0};
 148:Src/main.c    **** 
 149:Src/main.c    ****   /** Supply configuration update enable
 150:Src/main.c    ****   */
 151:Src/main.c    ****   HAL_PWREx_ConfigSupply(PWR_LDO_SUPPLY);
 152:Src/main.c    ****   /** Configure the main internal regulator output voltage
 153:Src/main.c    ****   */
 154:Src/main.c    ****   __HAL_PWR_VOLTAGESCALING_CONFIG(PWR_REGULATOR_VOLTAGE_SCALE0);
 155:Src/main.c    **** 
 156:Src/main.c    ****   while(!__HAL_PWR_GET_FLAG(PWR_FLAG_VOSRDY)) {}
 157:Src/main.c    ****   /** Initializes the RCC Oscillators according to the specified parameters
 158:Src/main.c    ****   * in the RCC_OscInitTypeDef structure.
 159:Src/main.c    ****   */
 160:Src/main.c    ****   RCC_OscInitStruct.OscillatorType = RCC_OSCILLATORTYPE_HSI48|RCC_OSCILLATORTYPE_HSE;
 161:Src/main.c    ****   RCC_OscInitStruct.HSEState = RCC_HSE_BYPASS;
 162:Src/main.c    ****   RCC_OscInitStruct.HSI48State = RCC_HSI48_ON;
 163:Src/main.c    ****   RCC_OscInitStruct.PLL.PLLState = RCC_PLL_ON;
 164:Src/main.c    ****   RCC_OscInitStruct.PLL.PLLSource = RCC_PLLSOURCE_HSE;
 165:Src/main.c    ****   RCC_OscInitStruct.PLL.PLLM = 4;
 166:Src/main.c    ****   RCC_OscInitStruct.PLL.PLLN = 275;
 167:Src/main.c    ****   RCC_OscInitStruct.PLL.PLLP = 1;
 168:Src/main.c    ****   RCC_OscInitStruct.PLL.PLLQ = 4;
 169:Src/main.c    ****   RCC_OscInitStruct.PLL.PLLR = 2;
 170:Src/main.c    ****   RCC_OscInitStruct.PLL.PLLRGE = RCC_PLL1VCIRANGE_1;
 171:Src/main.c    ****   RCC_OscInitStruct.PLL.PLLVCOSEL = RCC_PLL1VCOWIDE;
 172:Src/main.c    ****   RCC_OscInitStruct.PLL.PLLFRACN = 0;
 173:Src/main.c    ****   if (HAL_RCC_OscConfig(&RCC_OscInitStruct) != HAL_OK)
 174:Src/main.c    ****   {
 175:Src/main.c    ****     Error_Handler();
 176:Src/main.c    ****   }
 177:Src/main.c    ****   /** Initializes the CPU, AHB and APB buses clocks
 178:Src/main.c    ****   */
 179:Src/main.c    ****   RCC_ClkInitStruct.ClockType = RCC_CLOCKTYPE_HCLK|RCC_CLOCKTYPE_SYSCLK
 180:Src/main.c    ****                               |RCC_CLOCKTYPE_PCLK1|RCC_CLOCKTYPE_PCLK2
 181:Src/main.c    ****                               |RCC_CLOCKTYPE_D3PCLK1|RCC_CLOCKTYPE_D1PCLK1;
 182:Src/main.c    ****   RCC_ClkInitStruct.SYSCLKSource = RCC_SYSCLKSOURCE_PLLCLK;
 183:Src/main.c    ****   RCC_ClkInitStruct.SYSCLKDivider = RCC_SYSCLK_DIV1;
 184:Src/main.c    ****   RCC_ClkInitStruct.AHBCLKDivider = RCC_HCLK_DIV2;
 185:Src/main.c    ****   RCC_ClkInitStruct.APB3CLKDivider = RCC_APB3_DIV2;
 186:Src/main.c    ****   RCC_ClkInitStruct.APB1CLKDivider = RCC_APB1_DIV2;
 187:Src/main.c    ****   RCC_ClkInitStruct.APB2CLKDivider = RCC_APB2_DIV2;
 188:Src/main.c    ****   RCC_ClkInitStruct.APB4CLKDivider = RCC_APB4_DIV2;
 189:Src/main.c    **** 
 190:Src/main.c    ****   if (HAL_RCC_ClockConfig(&RCC_ClkInitStruct, FLASH_LATENCY_3) != HAL_OK)
 191:Src/main.c    ****   {
 192:Src/main.c    ****     Error_Handler();
 193:Src/main.c    ****   }
 194:Src/main.c    **** }
 195:Src/main.c    **** 
 196:Src/main.c    **** /**
 197:Src/main.c    ****   * @brief ETH Initialization Function
 198:Src/main.c    ****   * @param None
 199:Src/main.c    ****   * @retval None
 200:Src/main.c    ****   */
 201:Src/main.c    **** static void MX_ETH_Init(void)
 202:Src/main.c    **** {
 203:Src/main.c    **** 
ARM GAS  C:\Users\cinar\AppData\Local\Temp\cclNl5WX.s 			page 5


 204:Src/main.c    ****   /* USER CODE BEGIN ETH_Init 0 */
 205:Src/main.c    **** 
 206:Src/main.c    ****   /* USER CODE END ETH_Init 0 */
 207:Src/main.c    **** 
 208:Src/main.c    ****   /* USER CODE BEGIN ETH_Init 1 */
 209:Src/main.c    **** 
 210:Src/main.c    ****   /* USER CODE END ETH_Init 1 */
 211:Src/main.c    ****   heth.Instance = ETH;
 212:Src/main.c    ****   heth.Init.MACAddr[0] =   0x00;
 213:Src/main.c    ****   heth.Init.MACAddr[1] =   0x80;
 214:Src/main.c    ****   heth.Init.MACAddr[2] =   0xE1;
 215:Src/main.c    ****   heth.Init.MACAddr[3] =   0x00;
 216:Src/main.c    ****   heth.Init.MACAddr[4] =   0x00;
 217:Src/main.c    ****   heth.Init.MACAddr[5] =   0x00;
 218:Src/main.c    ****   heth.Init.MediaInterface = HAL_ETH_RMII_MODE;
 219:Src/main.c    ****   heth.Init.TxDesc = DMATxDscrTab;
 220:Src/main.c    ****   heth.Init.RxDesc = DMARxDscrTab;
 221:Src/main.c    ****   heth.Init.RxBuffLen = 1524;
 222:Src/main.c    **** 
 223:Src/main.c    ****   /* USER CODE BEGIN MACADDRESS */
 224:Src/main.c    **** 
 225:Src/main.c    ****   /* USER CODE END MACADDRESS */
 226:Src/main.c    **** 
 227:Src/main.c    ****   if (HAL_ETH_Init(&heth) != HAL_OK)
 228:Src/main.c    ****   {
 229:Src/main.c    ****     Error_Handler();
 230:Src/main.c    ****   }
 231:Src/main.c    **** 
 232:Src/main.c    ****   memset(&TxConfig, 0 , sizeof(ETH_TxPacketConfig));
 233:Src/main.c    ****   TxConfig.Attributes = ETH_TX_PACKETS_FEATURES_CSUM | ETH_TX_PACKETS_FEATURES_CRCPAD;
 234:Src/main.c    ****   TxConfig.ChecksumCtrl = ETH_CHECKSUM_IPHDR_PAYLOAD_INSERT_PHDR_CALC;
 235:Src/main.c    ****   TxConfig.CRCPadCtrl = ETH_CRC_PAD_INSERT;
 236:Src/main.c    ****   /* USER CODE BEGIN ETH_Init 2 */
 237:Src/main.c    **** 
 238:Src/main.c    ****   /* USER CODE END ETH_Init 2 */
 239:Src/main.c    **** 
 240:Src/main.c    **** }
 241:Src/main.c    **** 
 242:Src/main.c    **** /**
 243:Src/main.c    ****   * @brief USART3 Initialization Function
 244:Src/main.c    ****   * @param None
 245:Src/main.c    ****   * @retval None
 246:Src/main.c    ****   */
 247:Src/main.c    **** static void MX_USART3_UART_Init(void)
 248:Src/main.c    **** {
 249:Src/main.c    **** 
 250:Src/main.c    ****   /* USER CODE BEGIN USART3_Init 0 */
 251:Src/main.c    **** 
 252:Src/main.c    ****   /* USER CODE END USART3_Init 0 */
 253:Src/main.c    **** 
 254:Src/main.c    ****   /* USER CODE BEGIN USART3_Init 1 */
 255:Src/main.c    **** 
 256:Src/main.c    ****   /* USER CODE END USART3_Init 1 */
 257:Src/main.c    ****   huart3.Instance = USART3;
 258:Src/main.c    ****   huart3.Init.BaudRate = 115200;
 259:Src/main.c    ****   huart3.Init.WordLength = UART_WORDLENGTH_8B;
 260:Src/main.c    ****   huart3.Init.StopBits = UART_STOPBITS_1;
ARM GAS  C:\Users\cinar\AppData\Local\Temp\cclNl5WX.s 			page 6


 261:Src/main.c    ****   huart3.Init.Parity = UART_PARITY_NONE;
 262:Src/main.c    ****   huart3.Init.Mode = UART_MODE_TX_RX;
 263:Src/main.c    ****   huart3.Init.HwFlowCtl = UART_HWCONTROL_NONE;
 264:Src/main.c    ****   huart3.Init.OverSampling = UART_OVERSAMPLING_16;
 265:Src/main.c    ****   huart3.Init.OneBitSampling = UART_ONE_BIT_SAMPLE_DISABLE;
 266:Src/main.c    ****   huart3.Init.ClockPrescaler = UART_PRESCALER_DIV1;
 267:Src/main.c    ****   huart3.AdvancedInit.AdvFeatureInit = UART_ADVFEATURE_NO_INIT;
 268:Src/main.c    ****   if (HAL_UART_Init(&huart3) != HAL_OK)
 269:Src/main.c    ****   {
 270:Src/main.c    ****     Error_Handler();
 271:Src/main.c    ****   }
 272:Src/main.c    ****   if (HAL_UARTEx_SetTxFifoThreshold(&huart3, UART_TXFIFO_THRESHOLD_1_8) != HAL_OK)
 273:Src/main.c    ****   {
 274:Src/main.c    ****     Error_Handler();
 275:Src/main.c    ****   }
 276:Src/main.c    ****   if (HAL_UARTEx_SetRxFifoThreshold(&huart3, UART_RXFIFO_THRESHOLD_1_8) != HAL_OK)
 277:Src/main.c    ****   {
 278:Src/main.c    ****     Error_Handler();
 279:Src/main.c    ****   }
 280:Src/main.c    ****   if (HAL_UARTEx_DisableFifoMode(&huart3) != HAL_OK)
 281:Src/main.c    ****   {
 282:Src/main.c    ****     Error_Handler();
 283:Src/main.c    ****   }
 284:Src/main.c    ****   /* USER CODE BEGIN USART3_Init 2 */
 285:Src/main.c    **** 
 286:Src/main.c    ****   /* USER CODE END USART3_Init 2 */
 287:Src/main.c    **** 
 288:Src/main.c    **** }
 289:Src/main.c    **** 
 290:Src/main.c    **** /**
 291:Src/main.c    ****   * @brief USB_OTG_HS Initialization Function
 292:Src/main.c    ****   * @param None
 293:Src/main.c    ****   * @retval None
 294:Src/main.c    ****   */
 295:Src/main.c    **** static void MX_USB_OTG_HS_USB_Init(void)
 296:Src/main.c    **** {
 297:Src/main.c    **** 
 298:Src/main.c    ****   /* USER CODE BEGIN USB_OTG_HS_Init 0 */
 299:Src/main.c    **** 
 300:Src/main.c    ****   /* USER CODE END USB_OTG_HS_Init 0 */
 301:Src/main.c    **** 
 302:Src/main.c    ****   /* USER CODE BEGIN USB_OTG_HS_Init 1 */
 303:Src/main.c    **** 
 304:Src/main.c    ****   /* USER CODE END USB_OTG_HS_Init 1 */
 305:Src/main.c    ****   /* USER CODE BEGIN USB_OTG_HS_Init 2 */
 306:Src/main.c    **** 
 307:Src/main.c    ****   /* USER CODE END USB_OTG_HS_Init 2 */
 308:Src/main.c    **** 
 309:Src/main.c    **** }
 310:Src/main.c    **** 
 311:Src/main.c    **** /**
 312:Src/main.c    ****   * @brief GPIO Initialization Function
 313:Src/main.c    ****   * @param None
 314:Src/main.c    ****   * @retval None
 315:Src/main.c    ****   */
 316:Src/main.c    **** static void MX_GPIO_Init(void)
 317:Src/main.c    **** {
ARM GAS  C:\Users\cinar\AppData\Local\Temp\cclNl5WX.s 			page 7


  27              		.loc 1 317 1 view -0
  28              		.cfi_startproc
  29              		@ args = 0, pretend = 0, frame = 48
  30              		@ frame_needed = 0, uses_anonymous_args = 0
  31 0000 2DE9F041 		push	{r4, r5, r6, r7, r8, lr}
  32              	.LCFI0:
  33              		.cfi_def_cfa_offset 24
  34              		.cfi_offset 4, -24
  35              		.cfi_offset 5, -20
  36              		.cfi_offset 6, -16
  37              		.cfi_offset 7, -12
  38              		.cfi_offset 8, -8
  39              		.cfi_offset 14, -4
  40 0004 8CB0     		sub	sp, sp, #48
  41              	.LCFI1:
  42              		.cfi_def_cfa_offset 72
 318:Src/main.c    ****   GPIO_InitTypeDef GPIO_InitStruct = {0};
  43              		.loc 1 318 3 view .LVU1
  44              		.loc 1 318 20 is_stmt 0 view .LVU2
  45 0006 0024     		movs	r4, #0
  46 0008 0794     		str	r4, [sp, #28]
  47 000a 0894     		str	r4, [sp, #32]
  48 000c 0994     		str	r4, [sp, #36]
  49 000e 0A94     		str	r4, [sp, #40]
  50 0010 0B94     		str	r4, [sp, #44]
 319:Src/main.c    **** 
 320:Src/main.c    ****   /* GPIO Ports Clock Enable */
 321:Src/main.c    ****   __HAL_RCC_GPIOC_CLK_ENABLE();
  51              		.loc 1 321 3 is_stmt 1 view .LVU3
  52              	.LBB4:
  53              		.loc 1 321 3 view .LVU4
  54              		.loc 1 321 3 view .LVU5
  55 0012 594B     		ldr	r3, .L3
  56 0014 D3F8E020 		ldr	r2, [r3, #224]
  57 0018 42F00402 		orr	r2, r2, #4
  58 001c C3F8E020 		str	r2, [r3, #224]
  59              		.loc 1 321 3 view .LVU6
  60 0020 D3F8E020 		ldr	r2, [r3, #224]
  61 0024 02F00402 		and	r2, r2, #4
  62 0028 0092     		str	r2, [sp]
  63              		.loc 1 321 3 view .LVU7
  64 002a 009A     		ldr	r2, [sp]
  65              	.LBE4:
  66              		.loc 1 321 3 view .LVU8
 322:Src/main.c    ****   __HAL_RCC_GPIOH_CLK_ENABLE();
  67              		.loc 1 322 3 view .LVU9
  68              	.LBB5:
  69              		.loc 1 322 3 view .LVU10
  70              		.loc 1 322 3 view .LVU11
  71 002c D3F8E020 		ldr	r2, [r3, #224]
  72 0030 42F08002 		orr	r2, r2, #128
  73 0034 C3F8E020 		str	r2, [r3, #224]
  74              		.loc 1 322 3 view .LVU12
  75 0038 D3F8E020 		ldr	r2, [r3, #224]
  76 003c 02F08002 		and	r2, r2, #128
  77 0040 0192     		str	r2, [sp, #4]
  78              		.loc 1 322 3 view .LVU13
ARM GAS  C:\Users\cinar\AppData\Local\Temp\cclNl5WX.s 			page 8


  79 0042 019A     		ldr	r2, [sp, #4]
  80              	.LBE5:
  81              		.loc 1 322 3 view .LVU14
 323:Src/main.c    ****   __HAL_RCC_GPIOA_CLK_ENABLE();
  82              		.loc 1 323 3 view .LVU15
  83              	.LBB6:
  84              		.loc 1 323 3 view .LVU16
  85              		.loc 1 323 3 view .LVU17
  86 0044 D3F8E020 		ldr	r2, [r3, #224]
  87 0048 42F00102 		orr	r2, r2, #1
  88 004c C3F8E020 		str	r2, [r3, #224]
  89              		.loc 1 323 3 view .LVU18
  90 0050 D3F8E020 		ldr	r2, [r3, #224]
  91 0054 02F00102 		and	r2, r2, #1
  92 0058 0292     		str	r2, [sp, #8]
  93              		.loc 1 323 3 view .LVU19
  94 005a 029A     		ldr	r2, [sp, #8]
  95              	.LBE6:
  96              		.loc 1 323 3 view .LVU20
 324:Src/main.c    ****   __HAL_RCC_GPIOB_CLK_ENABLE();
  97              		.loc 1 324 3 view .LVU21
  98              	.LBB7:
  99              		.loc 1 324 3 view .LVU22
 100              		.loc 1 324 3 view .LVU23
 101 005c D3F8E020 		ldr	r2, [r3, #224]
 102 0060 42F00202 		orr	r2, r2, #2
 103 0064 C3F8E020 		str	r2, [r3, #224]
 104              		.loc 1 324 3 view .LVU24
 105 0068 D3F8E020 		ldr	r2, [r3, #224]
 106 006c 02F00202 		and	r2, r2, #2
 107 0070 0392     		str	r2, [sp, #12]
 108              		.loc 1 324 3 view .LVU25
 109 0072 039A     		ldr	r2, [sp, #12]
 110              	.LBE7:
 111              		.loc 1 324 3 view .LVU26
 325:Src/main.c    ****   __HAL_RCC_GPIOD_CLK_ENABLE();
 112              		.loc 1 325 3 view .LVU27
 113              	.LBB8:
 114              		.loc 1 325 3 view .LVU28
 115              		.loc 1 325 3 view .LVU29
 116 0074 D3F8E020 		ldr	r2, [r3, #224]
 117 0078 42F00802 		orr	r2, r2, #8
 118 007c C3F8E020 		str	r2, [r3, #224]
 119              		.loc 1 325 3 view .LVU30
 120 0080 D3F8E020 		ldr	r2, [r3, #224]
 121 0084 02F00802 		and	r2, r2, #8
 122 0088 0492     		str	r2, [sp, #16]
 123              		.loc 1 325 3 view .LVU31
 124 008a 049A     		ldr	r2, [sp, #16]
 125              	.LBE8:
 126              		.loc 1 325 3 view .LVU32
 326:Src/main.c    ****   __HAL_RCC_GPIOG_CLK_ENABLE();
 127              		.loc 1 326 3 view .LVU33
 128              	.LBB9:
 129              		.loc 1 326 3 view .LVU34
 130              		.loc 1 326 3 view .LVU35
 131 008c D3F8E020 		ldr	r2, [r3, #224]
ARM GAS  C:\Users\cinar\AppData\Local\Temp\cclNl5WX.s 			page 9


 132 0090 42F04002 		orr	r2, r2, #64
 133 0094 C3F8E020 		str	r2, [r3, #224]
 134              		.loc 1 326 3 view .LVU36
 135 0098 D3F8E020 		ldr	r2, [r3, #224]
 136 009c 02F04002 		and	r2, r2, #64
 137 00a0 0592     		str	r2, [sp, #20]
 138              		.loc 1 326 3 view .LVU37
 139 00a2 059A     		ldr	r2, [sp, #20]
 140              	.LBE9:
 141              		.loc 1 326 3 view .LVU38
 327:Src/main.c    ****   __HAL_RCC_GPIOE_CLK_ENABLE();
 142              		.loc 1 327 3 view .LVU39
 143              	.LBB10:
 144              		.loc 1 327 3 view .LVU40
 145              		.loc 1 327 3 view .LVU41
 146 00a4 D3F8E020 		ldr	r2, [r3, #224]
 147 00a8 42F01002 		orr	r2, r2, #16
 148 00ac C3F8E020 		str	r2, [r3, #224]
 149              		.loc 1 327 3 view .LVU42
 150 00b0 D3F8E030 		ldr	r3, [r3, #224]
 151 00b4 03F01003 		and	r3, r3, #16
 152 00b8 0693     		str	r3, [sp, #24]
 153              		.loc 1 327 3 view .LVU43
 154 00ba 069B     		ldr	r3, [sp, #24]
 155              	.LBE10:
 156              		.loc 1 327 3 view .LVU44
 328:Src/main.c    **** 
 329:Src/main.c    ****   /*Configure GPIO pin Output Level */
 330:Src/main.c    ****   HAL_GPIO_WritePin(GPIOB, LED_GREEN_Pin|LED_RED_Pin, GPIO_PIN_RESET);
 157              		.loc 1 330 3 view .LVU45
 158 00bc 2F4F     		ldr	r7, .L3+4
 159 00be 2246     		mov	r2, r4
 160 00c0 44F20101 		movw	r1, #16385
 161 00c4 3846     		mov	r0, r7
 162 00c6 FFF7FEFF 		bl	HAL_GPIO_WritePin
 163              	.LVL0:
 331:Src/main.c    **** 
 332:Src/main.c    ****   /*Configure GPIO pin Output Level */
 333:Src/main.c    ****   HAL_GPIO_WritePin(USB_FS_PWR_EN_GPIO_Port, USB_FS_PWR_EN_Pin, GPIO_PIN_RESET);
 164              		.loc 1 333 3 view .LVU46
 165 00ca DFF8C480 		ldr	r8, .L3+24
 166 00ce 2246     		mov	r2, r4
 167 00d0 4FF48061 		mov	r1, #1024
 168 00d4 4046     		mov	r0, r8
 169 00d6 FFF7FEFF 		bl	HAL_GPIO_WritePin
 170              	.LVL1:
 334:Src/main.c    **** 
 335:Src/main.c    ****   /*Configure GPIO pin Output Level */
 336:Src/main.c    ****   HAL_GPIO_WritePin(LED_YELLOW_GPIO_Port, LED_YELLOW_Pin, GPIO_PIN_RESET);
 171              		.loc 1 336 3 view .LVU47
 172 00da 294E     		ldr	r6, .L3+8
 173 00dc 2246     		mov	r2, r4
 174 00de 0221     		movs	r1, #2
 175 00e0 3046     		mov	r0, r6
 176 00e2 FFF7FEFF 		bl	HAL_GPIO_WritePin
 177              	.LVL2:
 337:Src/main.c    **** 
ARM GAS  C:\Users\cinar\AppData\Local\Temp\cclNl5WX.s 			page 10


 338:Src/main.c    ****   /*Configure GPIO pin : B1_Pin */
 339:Src/main.c    ****   GPIO_InitStruct.Pin = B1_Pin;
 178              		.loc 1 339 3 view .LVU48
 179              		.loc 1 339 23 is_stmt 0 view .LVU49
 180 00e6 4FF40053 		mov	r3, #8192
 181 00ea 0793     		str	r3, [sp, #28]
 340:Src/main.c    ****   GPIO_InitStruct.Mode = GPIO_MODE_INPUT;
 182              		.loc 1 340 3 is_stmt 1 view .LVU50
 183              		.loc 1 340 24 is_stmt 0 view .LVU51
 184 00ec 0894     		str	r4, [sp, #32]
 341:Src/main.c    ****   GPIO_InitStruct.Pull = GPIO_NOPULL;
 185              		.loc 1 341 3 is_stmt 1 view .LVU52
 186              		.loc 1 341 24 is_stmt 0 view .LVU53
 187 00ee 0994     		str	r4, [sp, #36]
 342:Src/main.c    ****   HAL_GPIO_Init(B1_GPIO_Port, &GPIO_InitStruct);
 188              		.loc 1 342 3 is_stmt 1 view .LVU54
 189 00f0 07A9     		add	r1, sp, #28
 190 00f2 2448     		ldr	r0, .L3+12
 191 00f4 FFF7FEFF 		bl	HAL_GPIO_Init
 192              	.LVL3:
 343:Src/main.c    **** 
 344:Src/main.c    ****   /*Configure GPIO pins : LED_GREEN_Pin LED_RED_Pin */
 345:Src/main.c    ****   GPIO_InitStruct.Pin = LED_GREEN_Pin|LED_RED_Pin;
 193              		.loc 1 345 3 view .LVU55
 194              		.loc 1 345 23 is_stmt 0 view .LVU56
 195 00f8 44F20103 		movw	r3, #16385
 196 00fc 0793     		str	r3, [sp, #28]
 346:Src/main.c    ****   GPIO_InitStruct.Mode = GPIO_MODE_OUTPUT_PP;
 197              		.loc 1 346 3 is_stmt 1 view .LVU57
 198              		.loc 1 346 24 is_stmt 0 view .LVU58
 199 00fe 0125     		movs	r5, #1
 200 0100 0895     		str	r5, [sp, #32]
 347:Src/main.c    ****   GPIO_InitStruct.Pull = GPIO_NOPULL;
 201              		.loc 1 347 3 is_stmt 1 view .LVU59
 202              		.loc 1 347 24 is_stmt 0 view .LVU60
 203 0102 0994     		str	r4, [sp, #36]
 348:Src/main.c    ****   GPIO_InitStruct.Speed = GPIO_SPEED_FREQ_LOW;
 204              		.loc 1 348 3 is_stmt 1 view .LVU61
 205              		.loc 1 348 25 is_stmt 0 view .LVU62
 206 0104 0A94     		str	r4, [sp, #40]
 349:Src/main.c    ****   HAL_GPIO_Init(GPIOB, &GPIO_InitStruct);
 207              		.loc 1 349 3 is_stmt 1 view .LVU63
 208 0106 07A9     		add	r1, sp, #28
 209 0108 3846     		mov	r0, r7
 210 010a FFF7FEFF 		bl	HAL_GPIO_Init
 211              	.LVL4:
 350:Src/main.c    **** 
 351:Src/main.c    ****   /*Configure GPIO pin : USB_FS_PWR_EN_Pin */
 352:Src/main.c    ****   GPIO_InitStruct.Pin = USB_FS_PWR_EN_Pin;
 212              		.loc 1 352 3 view .LVU64
 213              		.loc 1 352 23 is_stmt 0 view .LVU65
 214 010e 4FF48067 		mov	r7, #1024
 215 0112 0797     		str	r7, [sp, #28]
 353:Src/main.c    ****   GPIO_InitStruct.Mode = GPIO_MODE_OUTPUT_PP;
 216              		.loc 1 353 3 is_stmt 1 view .LVU66
 217              		.loc 1 353 24 is_stmt 0 view .LVU67
 218 0114 0895     		str	r5, [sp, #32]
ARM GAS  C:\Users\cinar\AppData\Local\Temp\cclNl5WX.s 			page 11


 354:Src/main.c    ****   GPIO_InitStruct.Pull = GPIO_NOPULL;
 219              		.loc 1 354 3 is_stmt 1 view .LVU68
 220              		.loc 1 354 24 is_stmt 0 view .LVU69
 221 0116 0994     		str	r4, [sp, #36]
 355:Src/main.c    ****   GPIO_InitStruct.Speed = GPIO_SPEED_FREQ_LOW;
 222              		.loc 1 355 3 is_stmt 1 view .LVU70
 223              		.loc 1 355 25 is_stmt 0 view .LVU71
 224 0118 0A94     		str	r4, [sp, #40]
 356:Src/main.c    ****   HAL_GPIO_Init(USB_FS_PWR_EN_GPIO_Port, &GPIO_InitStruct);
 225              		.loc 1 356 3 is_stmt 1 view .LVU72
 226 011a 07A9     		add	r1, sp, #28
 227 011c 4046     		mov	r0, r8
 228 011e FFF7FEFF 		bl	HAL_GPIO_Init
 229              	.LVL5:
 357:Src/main.c    **** 
 358:Src/main.c    ****   /*Configure GPIO pin : USB_FS_OVCR_Pin */
 359:Src/main.c    ****   GPIO_InitStruct.Pin = USB_FS_OVCR_Pin;
 230              		.loc 1 359 3 view .LVU73
 231              		.loc 1 359 23 is_stmt 0 view .LVU74
 232 0122 8023     		movs	r3, #128
 233 0124 0793     		str	r3, [sp, #28]
 360:Src/main.c    ****   GPIO_InitStruct.Mode = GPIO_MODE_IT_RISING;
 234              		.loc 1 360 3 is_stmt 1 view .LVU75
 235              		.loc 1 360 24 is_stmt 0 view .LVU76
 236 0126 184B     		ldr	r3, .L3+16
 237 0128 0893     		str	r3, [sp, #32]
 361:Src/main.c    ****   GPIO_InitStruct.Pull = GPIO_NOPULL;
 238              		.loc 1 361 3 is_stmt 1 view .LVU77
 239              		.loc 1 361 24 is_stmt 0 view .LVU78
 240 012a 0994     		str	r4, [sp, #36]
 362:Src/main.c    ****   HAL_GPIO_Init(USB_FS_OVCR_GPIO_Port, &GPIO_InitStruct);
 241              		.loc 1 362 3 is_stmt 1 view .LVU79
 242 012c 07A9     		add	r1, sp, #28
 243 012e 1748     		ldr	r0, .L3+20
 244 0130 FFF7FEFF 		bl	HAL_GPIO_Init
 245              	.LVL6:
 363:Src/main.c    **** 
 364:Src/main.c    ****   /*Configure GPIO pin : USB_FS_VBUS_Pin */
 365:Src/main.c    ****   GPIO_InitStruct.Pin = USB_FS_VBUS_Pin;
 246              		.loc 1 365 3 view .LVU80
 247              		.loc 1 365 23 is_stmt 0 view .LVU81
 248 0134 4FF40073 		mov	r3, #512
 249 0138 0793     		str	r3, [sp, #28]
 366:Src/main.c    ****   GPIO_InitStruct.Mode = GPIO_MODE_INPUT;
 250              		.loc 1 366 3 is_stmt 1 view .LVU82
 251              		.loc 1 366 24 is_stmt 0 view .LVU83
 252 013a 0894     		str	r4, [sp, #32]
 367:Src/main.c    ****   GPIO_InitStruct.Pull = GPIO_NOPULL;
 253              		.loc 1 367 3 is_stmt 1 view .LVU84
 254              		.loc 1 367 24 is_stmt 0 view .LVU85
 255 013c 0994     		str	r4, [sp, #36]
 368:Src/main.c    ****   HAL_GPIO_Init(USB_FS_VBUS_GPIO_Port, &GPIO_InitStruct);
 256              		.loc 1 368 3 is_stmt 1 view .LVU86
 257 013e A8F54068 		sub	r8, r8, #3072
 258 0142 07A9     		add	r1, sp, #28
 259 0144 4046     		mov	r0, r8
 260 0146 FFF7FEFF 		bl	HAL_GPIO_Init
ARM GAS  C:\Users\cinar\AppData\Local\Temp\cclNl5WX.s 			page 12


 261              	.LVL7:
 369:Src/main.c    **** 
 370:Src/main.c    ****   /*Configure GPIO pin : USB_FS_ID_Pin */
 371:Src/main.c    ****   GPIO_InitStruct.Pin = USB_FS_ID_Pin;
 262              		.loc 1 371 3 view .LVU87
 263              		.loc 1 371 23 is_stmt 0 view .LVU88
 264 014a 0797     		str	r7, [sp, #28]
 372:Src/main.c    ****   GPIO_InitStruct.Mode = GPIO_MODE_AF_PP;
 265              		.loc 1 372 3 is_stmt 1 view .LVU89
 266              		.loc 1 372 24 is_stmt 0 view .LVU90
 267 014c 0227     		movs	r7, #2
 268 014e 0897     		str	r7, [sp, #32]
 373:Src/main.c    ****   GPIO_InitStruct.Pull = GPIO_NOPULL;
 269              		.loc 1 373 3 is_stmt 1 view .LVU91
 270              		.loc 1 373 24 is_stmt 0 view .LVU92
 271 0150 0994     		str	r4, [sp, #36]
 374:Src/main.c    ****   GPIO_InitStruct.Speed = GPIO_SPEED_FREQ_LOW;
 272              		.loc 1 374 3 is_stmt 1 view .LVU93
 273              		.loc 1 374 25 is_stmt 0 view .LVU94
 274 0152 0A94     		str	r4, [sp, #40]
 375:Src/main.c    ****   GPIO_InitStruct.Alternate = GPIO_AF10_OTG1_HS;
 275              		.loc 1 375 3 is_stmt 1 view .LVU95
 276              		.loc 1 375 29 is_stmt 0 view .LVU96
 277 0154 0A23     		movs	r3, #10
 278 0156 0B93     		str	r3, [sp, #44]
 376:Src/main.c    ****   HAL_GPIO_Init(USB_FS_ID_GPIO_Port, &GPIO_InitStruct);
 279              		.loc 1 376 3 is_stmt 1 view .LVU97
 280 0158 07A9     		add	r1, sp, #28
 281 015a 4046     		mov	r0, r8
 282 015c FFF7FEFF 		bl	HAL_GPIO_Init
 283              	.LVL8:
 377:Src/main.c    **** 
 378:Src/main.c    ****   /*Configure GPIO pin : LED_YELLOW_Pin */
 379:Src/main.c    ****   GPIO_InitStruct.Pin = LED_YELLOW_Pin;
 284              		.loc 1 379 3 view .LVU98
 285              		.loc 1 379 23 is_stmt 0 view .LVU99
 286 0160 0797     		str	r7, [sp, #28]
 380:Src/main.c    ****   GPIO_InitStruct.Mode = GPIO_MODE_OUTPUT_PP;
 287              		.loc 1 380 3 is_stmt 1 view .LVU100
 288              		.loc 1 380 24 is_stmt 0 view .LVU101
 289 0162 0895     		str	r5, [sp, #32]
 381:Src/main.c    ****   GPIO_InitStruct.Pull = GPIO_NOPULL;
 290              		.loc 1 381 3 is_stmt 1 view .LVU102
 291              		.loc 1 381 24 is_stmt 0 view .LVU103
 292 0164 0994     		str	r4, [sp, #36]
 382:Src/main.c    ****   GPIO_InitStruct.Speed = GPIO_SPEED_FREQ_LOW;
 293              		.loc 1 382 3 is_stmt 1 view .LVU104
 294              		.loc 1 382 25 is_stmt 0 view .LVU105
 295 0166 0A94     		str	r4, [sp, #40]
 383:Src/main.c    ****   HAL_GPIO_Init(LED_YELLOW_GPIO_Port, &GPIO_InitStruct);
 296              		.loc 1 383 3 is_stmt 1 view .LVU106
 297 0168 07A9     		add	r1, sp, #28
 298 016a 3046     		mov	r0, r6
 299 016c FFF7FEFF 		bl	HAL_GPIO_Init
 300              	.LVL9:
 384:Src/main.c    **** 
 385:Src/main.c    **** }
ARM GAS  C:\Users\cinar\AppData\Local\Temp\cclNl5WX.s 			page 13


 301              		.loc 1 385 1 is_stmt 0 view .LVU107
 302 0170 0CB0     		add	sp, sp, #48
 303              	.LCFI2:
 304              		.cfi_def_cfa_offset 24
 305              		@ sp needed
 306 0172 BDE8F081 		pop	{r4, r5, r6, r7, r8, pc}
 307              	.L4:
 308 0176 00BF     		.align	2
 309              	.L3:
 310 0178 00440258 		.word	1476543488
 311 017c 00040258 		.word	1476527104
 312 0180 00100258 		.word	1476530176
 313 0184 00080258 		.word	1476528128
 314 0188 00001111 		.word	286326784
 315 018c 00180258 		.word	1476532224
 316 0190 000C0258 		.word	1476529152
 317              		.cfi_endproc
 318              	.LFE149:
 320              		.section	.text.Error_Handler,"ax",%progbits
 321              		.align	1
 322              		.global	Error_Handler
 323              		.syntax unified
 324              		.thumb
 325              		.thumb_func
 326              		.fpu fpv5-d16
 328              	Error_Handler:
 329              	.LFB150:
 386:Src/main.c    **** 
 387:Src/main.c    **** /* USER CODE BEGIN 4 */
 388:Src/main.c    **** 
 389:Src/main.c    **** /* USER CODE END 4 */
 390:Src/main.c    **** 
 391:Src/main.c    **** /**
 392:Src/main.c    ****   * @brief  This function is executed in case of error occurrence.
 393:Src/main.c    ****   * @retval None
 394:Src/main.c    ****   */
 395:Src/main.c    **** void Error_Handler(void)
 396:Src/main.c    **** {
 330              		.loc 1 396 1 is_stmt 1 view -0
 331              		.cfi_startproc
 332              		@ Volatile: function does not return.
 333              		@ args = 0, pretend = 0, frame = 0
 334              		@ frame_needed = 0, uses_anonymous_args = 0
 335              		@ link register save eliminated.
 397:Src/main.c    ****   /* USER CODE BEGIN Error_Handler_Debug */
 398:Src/main.c    ****   /* User can add his own implementation to report the HAL error return state */
 399:Src/main.c    ****   __disable_irq();
 336              		.loc 1 399 3 view .LVU109
 337              	.LBB11:
 338              	.LBI11:
 339              		.file 2 "Drivers/CMSIS/Include/cmsis_gcc.h"
   1:Drivers/CMSIS/Include/cmsis_gcc.h **** /**************************************************************************//**
   2:Drivers/CMSIS/Include/cmsis_gcc.h ****  * @file     cmsis_gcc.h
   3:Drivers/CMSIS/Include/cmsis_gcc.h ****  * @brief    CMSIS compiler GCC header file
   4:Drivers/CMSIS/Include/cmsis_gcc.h ****  * @version  V5.2.0
   5:Drivers/CMSIS/Include/cmsis_gcc.h ****  * @date     08. May 2019
   6:Drivers/CMSIS/Include/cmsis_gcc.h ****  ******************************************************************************/
ARM GAS  C:\Users\cinar\AppData\Local\Temp\cclNl5WX.s 			page 14


   7:Drivers/CMSIS/Include/cmsis_gcc.h **** /*
   8:Drivers/CMSIS/Include/cmsis_gcc.h ****  * Copyright (c) 2009-2019 Arm Limited. All rights reserved.
   9:Drivers/CMSIS/Include/cmsis_gcc.h ****  *
  10:Drivers/CMSIS/Include/cmsis_gcc.h ****  * SPDX-License-Identifier: Apache-2.0
  11:Drivers/CMSIS/Include/cmsis_gcc.h ****  *
  12:Drivers/CMSIS/Include/cmsis_gcc.h ****  * Licensed under the Apache License, Version 2.0 (the License); you may
  13:Drivers/CMSIS/Include/cmsis_gcc.h ****  * not use this file except in compliance with the License.
  14:Drivers/CMSIS/Include/cmsis_gcc.h ****  * You may obtain a copy of the License at
  15:Drivers/CMSIS/Include/cmsis_gcc.h ****  *
  16:Drivers/CMSIS/Include/cmsis_gcc.h ****  * www.apache.org/licenses/LICENSE-2.0
  17:Drivers/CMSIS/Include/cmsis_gcc.h ****  *
  18:Drivers/CMSIS/Include/cmsis_gcc.h ****  * Unless required by applicable law or agreed to in writing, software
  19:Drivers/CMSIS/Include/cmsis_gcc.h ****  * distributed under the License is distributed on an AS IS BASIS, WITHOUT
  20:Drivers/CMSIS/Include/cmsis_gcc.h ****  * WARRANTIES OR CONDITIONS OF ANY KIND, either express or implied.
  21:Drivers/CMSIS/Include/cmsis_gcc.h ****  * See the License for the specific language governing permissions and
  22:Drivers/CMSIS/Include/cmsis_gcc.h ****  * limitations under the License.
  23:Drivers/CMSIS/Include/cmsis_gcc.h ****  */
  24:Drivers/CMSIS/Include/cmsis_gcc.h **** 
  25:Drivers/CMSIS/Include/cmsis_gcc.h **** #ifndef __CMSIS_GCC_H
  26:Drivers/CMSIS/Include/cmsis_gcc.h **** #define __CMSIS_GCC_H
  27:Drivers/CMSIS/Include/cmsis_gcc.h **** 
  28:Drivers/CMSIS/Include/cmsis_gcc.h **** /* ignore some GCC warnings */
  29:Drivers/CMSIS/Include/cmsis_gcc.h **** #pragma GCC diagnostic push
  30:Drivers/CMSIS/Include/cmsis_gcc.h **** #pragma GCC diagnostic ignored "-Wsign-conversion"
  31:Drivers/CMSIS/Include/cmsis_gcc.h **** #pragma GCC diagnostic ignored "-Wconversion"
  32:Drivers/CMSIS/Include/cmsis_gcc.h **** #pragma GCC diagnostic ignored "-Wunused-parameter"
  33:Drivers/CMSIS/Include/cmsis_gcc.h **** 
  34:Drivers/CMSIS/Include/cmsis_gcc.h **** /* Fallback for __has_builtin */
  35:Drivers/CMSIS/Include/cmsis_gcc.h **** #ifndef __has_builtin
  36:Drivers/CMSIS/Include/cmsis_gcc.h ****   #define __has_builtin(x) (0)
  37:Drivers/CMSIS/Include/cmsis_gcc.h **** #endif
  38:Drivers/CMSIS/Include/cmsis_gcc.h **** 
  39:Drivers/CMSIS/Include/cmsis_gcc.h **** /* CMSIS compiler specific defines */
  40:Drivers/CMSIS/Include/cmsis_gcc.h **** #ifndef   __ASM
  41:Drivers/CMSIS/Include/cmsis_gcc.h ****   #define __ASM                                  __asm
  42:Drivers/CMSIS/Include/cmsis_gcc.h **** #endif
  43:Drivers/CMSIS/Include/cmsis_gcc.h **** #ifndef   __INLINE
  44:Drivers/CMSIS/Include/cmsis_gcc.h ****   #define __INLINE                               inline
  45:Drivers/CMSIS/Include/cmsis_gcc.h **** #endif
  46:Drivers/CMSIS/Include/cmsis_gcc.h **** #ifndef   __STATIC_INLINE
  47:Drivers/CMSIS/Include/cmsis_gcc.h ****   #define __STATIC_INLINE                        static inline
  48:Drivers/CMSIS/Include/cmsis_gcc.h **** #endif
  49:Drivers/CMSIS/Include/cmsis_gcc.h **** #ifndef   __STATIC_FORCEINLINE                 
  50:Drivers/CMSIS/Include/cmsis_gcc.h ****   #define __STATIC_FORCEINLINE                   __attribute__((always_inline)) static inline
  51:Drivers/CMSIS/Include/cmsis_gcc.h **** #endif                                           
  52:Drivers/CMSIS/Include/cmsis_gcc.h **** #ifndef   __NO_RETURN
  53:Drivers/CMSIS/Include/cmsis_gcc.h ****   #define __NO_RETURN                            __attribute__((__noreturn__))
  54:Drivers/CMSIS/Include/cmsis_gcc.h **** #endif
  55:Drivers/CMSIS/Include/cmsis_gcc.h **** #ifndef   __USED
  56:Drivers/CMSIS/Include/cmsis_gcc.h ****   #define __USED                                 __attribute__((used))
  57:Drivers/CMSIS/Include/cmsis_gcc.h **** #endif
  58:Drivers/CMSIS/Include/cmsis_gcc.h **** #ifndef   __WEAK
  59:Drivers/CMSIS/Include/cmsis_gcc.h ****   #define __WEAK                                 __attribute__((weak))
  60:Drivers/CMSIS/Include/cmsis_gcc.h **** #endif
  61:Drivers/CMSIS/Include/cmsis_gcc.h **** #ifndef   __PACKED
  62:Drivers/CMSIS/Include/cmsis_gcc.h ****   #define __PACKED                               __attribute__((packed, aligned(1)))
  63:Drivers/CMSIS/Include/cmsis_gcc.h **** #endif
ARM GAS  C:\Users\cinar\AppData\Local\Temp\cclNl5WX.s 			page 15


  64:Drivers/CMSIS/Include/cmsis_gcc.h **** #ifndef   __PACKED_STRUCT
  65:Drivers/CMSIS/Include/cmsis_gcc.h ****   #define __PACKED_STRUCT                        struct __attribute__((packed, aligned(1)))
  66:Drivers/CMSIS/Include/cmsis_gcc.h **** #endif
  67:Drivers/CMSIS/Include/cmsis_gcc.h **** #ifndef   __PACKED_UNION
  68:Drivers/CMSIS/Include/cmsis_gcc.h ****   #define __PACKED_UNION                         union __attribute__((packed, aligned(1)))
  69:Drivers/CMSIS/Include/cmsis_gcc.h **** #endif
  70:Drivers/CMSIS/Include/cmsis_gcc.h **** #ifndef   __UNALIGNED_UINT32        /* deprecated */
  71:Drivers/CMSIS/Include/cmsis_gcc.h ****   #pragma GCC diagnostic push
  72:Drivers/CMSIS/Include/cmsis_gcc.h ****   #pragma GCC diagnostic ignored "-Wpacked"
  73:Drivers/CMSIS/Include/cmsis_gcc.h ****   #pragma GCC diagnostic ignored "-Wattributes"
  74:Drivers/CMSIS/Include/cmsis_gcc.h ****   struct __attribute__((packed)) T_UINT32 { uint32_t v; };
  75:Drivers/CMSIS/Include/cmsis_gcc.h ****   #pragma GCC diagnostic pop
  76:Drivers/CMSIS/Include/cmsis_gcc.h ****   #define __UNALIGNED_UINT32(x)                  (((struct T_UINT32 *)(x))->v)
  77:Drivers/CMSIS/Include/cmsis_gcc.h **** #endif
  78:Drivers/CMSIS/Include/cmsis_gcc.h **** #ifndef   __UNALIGNED_UINT16_WRITE
  79:Drivers/CMSIS/Include/cmsis_gcc.h ****   #pragma GCC diagnostic push
  80:Drivers/CMSIS/Include/cmsis_gcc.h ****   #pragma GCC diagnostic ignored "-Wpacked"
  81:Drivers/CMSIS/Include/cmsis_gcc.h ****   #pragma GCC diagnostic ignored "-Wattributes"
  82:Drivers/CMSIS/Include/cmsis_gcc.h ****   __PACKED_STRUCT T_UINT16_WRITE { uint16_t v; };
  83:Drivers/CMSIS/Include/cmsis_gcc.h ****   #pragma GCC diagnostic pop
  84:Drivers/CMSIS/Include/cmsis_gcc.h ****   #define __UNALIGNED_UINT16_WRITE(addr, val)    (void)((((struct T_UINT16_WRITE *)(void *)(addr))-
  85:Drivers/CMSIS/Include/cmsis_gcc.h **** #endif
  86:Drivers/CMSIS/Include/cmsis_gcc.h **** #ifndef   __UNALIGNED_UINT16_READ
  87:Drivers/CMSIS/Include/cmsis_gcc.h ****   #pragma GCC diagnostic push
  88:Drivers/CMSIS/Include/cmsis_gcc.h ****   #pragma GCC diagnostic ignored "-Wpacked"
  89:Drivers/CMSIS/Include/cmsis_gcc.h ****   #pragma GCC diagnostic ignored "-Wattributes"
  90:Drivers/CMSIS/Include/cmsis_gcc.h ****   __PACKED_STRUCT T_UINT16_READ { uint16_t v; };
  91:Drivers/CMSIS/Include/cmsis_gcc.h ****   #pragma GCC diagnostic pop
  92:Drivers/CMSIS/Include/cmsis_gcc.h ****   #define __UNALIGNED_UINT16_READ(addr)          (((const struct T_UINT16_READ *)(const void *)(add
  93:Drivers/CMSIS/Include/cmsis_gcc.h **** #endif
  94:Drivers/CMSIS/Include/cmsis_gcc.h **** #ifndef   __UNALIGNED_UINT32_WRITE
  95:Drivers/CMSIS/Include/cmsis_gcc.h ****   #pragma GCC diagnostic push
  96:Drivers/CMSIS/Include/cmsis_gcc.h ****   #pragma GCC diagnostic ignored "-Wpacked"
  97:Drivers/CMSIS/Include/cmsis_gcc.h ****   #pragma GCC diagnostic ignored "-Wattributes"
  98:Drivers/CMSIS/Include/cmsis_gcc.h ****   __PACKED_STRUCT T_UINT32_WRITE { uint32_t v; };
  99:Drivers/CMSIS/Include/cmsis_gcc.h ****   #pragma GCC diagnostic pop
 100:Drivers/CMSIS/Include/cmsis_gcc.h ****   #define __UNALIGNED_UINT32_WRITE(addr, val)    (void)((((struct T_UINT32_WRITE *)(void *)(addr))-
 101:Drivers/CMSIS/Include/cmsis_gcc.h **** #endif
 102:Drivers/CMSIS/Include/cmsis_gcc.h **** #ifndef   __UNALIGNED_UINT32_READ
 103:Drivers/CMSIS/Include/cmsis_gcc.h ****   #pragma GCC diagnostic push
 104:Drivers/CMSIS/Include/cmsis_gcc.h ****   #pragma GCC diagnostic ignored "-Wpacked"
 105:Drivers/CMSIS/Include/cmsis_gcc.h ****   #pragma GCC diagnostic ignored "-Wattributes"
 106:Drivers/CMSIS/Include/cmsis_gcc.h ****   __PACKED_STRUCT T_UINT32_READ { uint32_t v; };
 107:Drivers/CMSIS/Include/cmsis_gcc.h ****   #pragma GCC diagnostic pop
 108:Drivers/CMSIS/Include/cmsis_gcc.h ****   #define __UNALIGNED_UINT32_READ(addr)          (((const struct T_UINT32_READ *)(const void *)(add
 109:Drivers/CMSIS/Include/cmsis_gcc.h **** #endif
 110:Drivers/CMSIS/Include/cmsis_gcc.h **** #ifndef   __ALIGNED
 111:Drivers/CMSIS/Include/cmsis_gcc.h ****   #define __ALIGNED(x)                           __attribute__((aligned(x)))
 112:Drivers/CMSIS/Include/cmsis_gcc.h **** #endif
 113:Drivers/CMSIS/Include/cmsis_gcc.h **** #ifndef   __RESTRICT
 114:Drivers/CMSIS/Include/cmsis_gcc.h ****   #define __RESTRICT                             __restrict
 115:Drivers/CMSIS/Include/cmsis_gcc.h **** #endif
 116:Drivers/CMSIS/Include/cmsis_gcc.h **** #ifndef   __COMPILER_BARRIER
 117:Drivers/CMSIS/Include/cmsis_gcc.h ****   #define __COMPILER_BARRIER()                   __ASM volatile("":::"memory")
 118:Drivers/CMSIS/Include/cmsis_gcc.h **** #endif
 119:Drivers/CMSIS/Include/cmsis_gcc.h **** 
 120:Drivers/CMSIS/Include/cmsis_gcc.h **** /* #########################  Startup and Lowlevel Init  ######################## */
ARM GAS  C:\Users\cinar\AppData\Local\Temp\cclNl5WX.s 			page 16


 121:Drivers/CMSIS/Include/cmsis_gcc.h **** 
 122:Drivers/CMSIS/Include/cmsis_gcc.h **** #ifndef __PROGRAM_START
 123:Drivers/CMSIS/Include/cmsis_gcc.h **** 
 124:Drivers/CMSIS/Include/cmsis_gcc.h **** /**
 125:Drivers/CMSIS/Include/cmsis_gcc.h ****   \brief   Initializes data and bss sections
 126:Drivers/CMSIS/Include/cmsis_gcc.h ****   \details This default implementations initialized all data and additional bss
 127:Drivers/CMSIS/Include/cmsis_gcc.h ****            sections relying on .copy.table and .zero.table specified properly
 128:Drivers/CMSIS/Include/cmsis_gcc.h ****            in the used linker script.
 129:Drivers/CMSIS/Include/cmsis_gcc.h ****   
 130:Drivers/CMSIS/Include/cmsis_gcc.h ****  */
 131:Drivers/CMSIS/Include/cmsis_gcc.h **** __STATIC_FORCEINLINE __NO_RETURN void __cmsis_start(void)
 132:Drivers/CMSIS/Include/cmsis_gcc.h **** {
 133:Drivers/CMSIS/Include/cmsis_gcc.h ****   extern void _start(void) __NO_RETURN;
 134:Drivers/CMSIS/Include/cmsis_gcc.h ****   
 135:Drivers/CMSIS/Include/cmsis_gcc.h ****   typedef struct {
 136:Drivers/CMSIS/Include/cmsis_gcc.h ****     uint32_t const* src;
 137:Drivers/CMSIS/Include/cmsis_gcc.h ****     uint32_t* dest;
 138:Drivers/CMSIS/Include/cmsis_gcc.h ****     uint32_t  wlen;
 139:Drivers/CMSIS/Include/cmsis_gcc.h ****   } __copy_table_t;
 140:Drivers/CMSIS/Include/cmsis_gcc.h ****   
 141:Drivers/CMSIS/Include/cmsis_gcc.h ****   typedef struct {
 142:Drivers/CMSIS/Include/cmsis_gcc.h ****     uint32_t* dest;
 143:Drivers/CMSIS/Include/cmsis_gcc.h ****     uint32_t  wlen;
 144:Drivers/CMSIS/Include/cmsis_gcc.h ****   } __zero_table_t;
 145:Drivers/CMSIS/Include/cmsis_gcc.h ****   
 146:Drivers/CMSIS/Include/cmsis_gcc.h ****   extern const __copy_table_t __copy_table_start__;
 147:Drivers/CMSIS/Include/cmsis_gcc.h ****   extern const __copy_table_t __copy_table_end__;
 148:Drivers/CMSIS/Include/cmsis_gcc.h ****   extern const __zero_table_t __zero_table_start__;
 149:Drivers/CMSIS/Include/cmsis_gcc.h ****   extern const __zero_table_t __zero_table_end__;
 150:Drivers/CMSIS/Include/cmsis_gcc.h **** 
 151:Drivers/CMSIS/Include/cmsis_gcc.h ****   for (__copy_table_t const* pTable = &__copy_table_start__; pTable < &__copy_table_end__; ++pTable
 152:Drivers/CMSIS/Include/cmsis_gcc.h ****     for(uint32_t i=0u; i<pTable->wlen; ++i) {
 153:Drivers/CMSIS/Include/cmsis_gcc.h ****       pTable->dest[i] = pTable->src[i];
 154:Drivers/CMSIS/Include/cmsis_gcc.h ****     }
 155:Drivers/CMSIS/Include/cmsis_gcc.h ****   }
 156:Drivers/CMSIS/Include/cmsis_gcc.h ****  
 157:Drivers/CMSIS/Include/cmsis_gcc.h ****   for (__zero_table_t const* pTable = &__zero_table_start__; pTable < &__zero_table_end__; ++pTable
 158:Drivers/CMSIS/Include/cmsis_gcc.h ****     for(uint32_t i=0u; i<pTable->wlen; ++i) {
 159:Drivers/CMSIS/Include/cmsis_gcc.h ****       pTable->dest[i] = 0u;
 160:Drivers/CMSIS/Include/cmsis_gcc.h ****     }
 161:Drivers/CMSIS/Include/cmsis_gcc.h ****   }
 162:Drivers/CMSIS/Include/cmsis_gcc.h ****  
 163:Drivers/CMSIS/Include/cmsis_gcc.h ****   _start();
 164:Drivers/CMSIS/Include/cmsis_gcc.h **** }
 165:Drivers/CMSIS/Include/cmsis_gcc.h ****   
 166:Drivers/CMSIS/Include/cmsis_gcc.h **** #define __PROGRAM_START           __cmsis_start
 167:Drivers/CMSIS/Include/cmsis_gcc.h **** #endif
 168:Drivers/CMSIS/Include/cmsis_gcc.h **** 
 169:Drivers/CMSIS/Include/cmsis_gcc.h **** #ifndef __INITIAL_SP
 170:Drivers/CMSIS/Include/cmsis_gcc.h **** #define __INITIAL_SP              __StackTop
 171:Drivers/CMSIS/Include/cmsis_gcc.h **** #endif
 172:Drivers/CMSIS/Include/cmsis_gcc.h **** 
 173:Drivers/CMSIS/Include/cmsis_gcc.h **** #ifndef __STACK_LIMIT
 174:Drivers/CMSIS/Include/cmsis_gcc.h **** #define __STACK_LIMIT             __StackLimit
 175:Drivers/CMSIS/Include/cmsis_gcc.h **** #endif
 176:Drivers/CMSIS/Include/cmsis_gcc.h **** 
 177:Drivers/CMSIS/Include/cmsis_gcc.h **** #ifndef __VECTOR_TABLE
ARM GAS  C:\Users\cinar\AppData\Local\Temp\cclNl5WX.s 			page 17


 178:Drivers/CMSIS/Include/cmsis_gcc.h **** #define __VECTOR_TABLE            __Vectors
 179:Drivers/CMSIS/Include/cmsis_gcc.h **** #endif
 180:Drivers/CMSIS/Include/cmsis_gcc.h **** 
 181:Drivers/CMSIS/Include/cmsis_gcc.h **** #ifndef __VECTOR_TABLE_ATTRIBUTE
 182:Drivers/CMSIS/Include/cmsis_gcc.h **** #define __VECTOR_TABLE_ATTRIBUTE  __attribute((used, section(".vectors")))
 183:Drivers/CMSIS/Include/cmsis_gcc.h **** #endif
 184:Drivers/CMSIS/Include/cmsis_gcc.h **** 
 185:Drivers/CMSIS/Include/cmsis_gcc.h **** /* ###########################  Core Function Access  ########################### */
 186:Drivers/CMSIS/Include/cmsis_gcc.h **** /** \ingroup  CMSIS_Core_FunctionInterface
 187:Drivers/CMSIS/Include/cmsis_gcc.h ****     \defgroup CMSIS_Core_RegAccFunctions CMSIS Core Register Access Functions
 188:Drivers/CMSIS/Include/cmsis_gcc.h ****   @{
 189:Drivers/CMSIS/Include/cmsis_gcc.h ****  */
 190:Drivers/CMSIS/Include/cmsis_gcc.h **** 
 191:Drivers/CMSIS/Include/cmsis_gcc.h **** /**
 192:Drivers/CMSIS/Include/cmsis_gcc.h ****   \brief   Enable IRQ Interrupts
 193:Drivers/CMSIS/Include/cmsis_gcc.h ****   \details Enables IRQ interrupts by clearing the I-bit in the CPSR.
 194:Drivers/CMSIS/Include/cmsis_gcc.h ****            Can only be executed in Privileged modes.
 195:Drivers/CMSIS/Include/cmsis_gcc.h ****  */
 196:Drivers/CMSIS/Include/cmsis_gcc.h **** __STATIC_FORCEINLINE void __enable_irq(void)
 197:Drivers/CMSIS/Include/cmsis_gcc.h **** {
 198:Drivers/CMSIS/Include/cmsis_gcc.h ****   __ASM volatile ("cpsie i" : : : "memory");
 199:Drivers/CMSIS/Include/cmsis_gcc.h **** }
 200:Drivers/CMSIS/Include/cmsis_gcc.h **** 
 201:Drivers/CMSIS/Include/cmsis_gcc.h **** 
 202:Drivers/CMSIS/Include/cmsis_gcc.h **** /**
 203:Drivers/CMSIS/Include/cmsis_gcc.h ****   \brief   Disable IRQ Interrupts
 204:Drivers/CMSIS/Include/cmsis_gcc.h ****   \details Disables IRQ interrupts by setting the I-bit in the CPSR.
 205:Drivers/CMSIS/Include/cmsis_gcc.h ****            Can only be executed in Privileged modes.
 206:Drivers/CMSIS/Include/cmsis_gcc.h ****  */
 207:Drivers/CMSIS/Include/cmsis_gcc.h **** __STATIC_FORCEINLINE void __disable_irq(void)
 340              		.loc 2 207 27 view .LVU110
 341              	.LBB12:
 208:Drivers/CMSIS/Include/cmsis_gcc.h **** {
 209:Drivers/CMSIS/Include/cmsis_gcc.h ****   __ASM volatile ("cpsid i" : : : "memory");
 342              		.loc 2 209 3 view .LVU111
 343              		.syntax unified
 344              	@ 209 "Drivers/CMSIS/Include/cmsis_gcc.h" 1
 345 0000 72B6     		cpsid i
 346              	@ 0 "" 2
 347              		.thumb
 348              		.syntax unified
 349              	.L6:
 350              	.LBE12:
 351              	.LBE11:
 400:Src/main.c    ****   while (1)
 352              		.loc 1 400 3 discriminator 1 view .LVU112
 401:Src/main.c    ****   {
 402:Src/main.c    ****   }
 353              		.loc 1 402 3 discriminator 1 view .LVU113
 400:Src/main.c    ****   while (1)
 354              		.loc 1 400 9 discriminator 1 view .LVU114
 355 0002 FEE7     		b	.L6
 356              		.cfi_endproc
 357              	.LFE150:
 359              		.section	.text.MX_ETH_Init,"ax",%progbits
 360              		.align	1
 361              		.syntax unified
ARM GAS  C:\Users\cinar\AppData\Local\Temp\cclNl5WX.s 			page 18


 362              		.thumb
 363              		.thumb_func
 364              		.fpu fpv5-d16
 366              	MX_ETH_Init:
 367              	.LFB146:
 202:Src/main.c    **** 
 368              		.loc 1 202 1 view -0
 369              		.cfi_startproc
 370              		@ args = 0, pretend = 0, frame = 0
 371              		@ frame_needed = 0, uses_anonymous_args = 0
 372 0000 10B5     		push	{r4, lr}
 373              	.LCFI3:
 374              		.cfi_def_cfa_offset 8
 375              		.cfi_offset 4, -8
 376              		.cfi_offset 14, -4
 211:Src/main.c    ****   heth.Init.MACAddr[0] =   0x00;
 377              		.loc 1 211 3 view .LVU116
 211:Src/main.c    ****   heth.Init.MACAddr[0] =   0x00;
 378              		.loc 1 211 17 is_stmt 0 view .LVU117
 379 0002 1648     		ldr	r0, .L11
 380 0004 164B     		ldr	r3, .L11+4
 381 0006 0360     		str	r3, [r0]
 212:Src/main.c    ****   heth.Init.MACAddr[1] =   0x80;
 382              		.loc 1 212 3 is_stmt 1 view .LVU118
 212:Src/main.c    ****   heth.Init.MACAddr[1] =   0x80;
 383              		.loc 1 212 12 is_stmt 0 view .LVU119
 384 0008 4268     		ldr	r2, [r0, #4]
 212:Src/main.c    ****   heth.Init.MACAddr[1] =   0x80;
 385              		.loc 1 212 24 view .LVU120
 386 000a 0023     		movs	r3, #0
 387 000c 1370     		strb	r3, [r2]
 213:Src/main.c    ****   heth.Init.MACAddr[2] =   0xE1;
 388              		.loc 1 213 3 is_stmt 1 view .LVU121
 213:Src/main.c    ****   heth.Init.MACAddr[2] =   0xE1;
 389              		.loc 1 213 12 is_stmt 0 view .LVU122
 390 000e 4268     		ldr	r2, [r0, #4]
 213:Src/main.c    ****   heth.Init.MACAddr[2] =   0xE1;
 391              		.loc 1 213 24 view .LVU123
 392 0010 8021     		movs	r1, #128
 393 0012 5170     		strb	r1, [r2, #1]
 214:Src/main.c    ****   heth.Init.MACAddr[3] =   0x00;
 394              		.loc 1 214 3 is_stmt 1 view .LVU124
 214:Src/main.c    ****   heth.Init.MACAddr[3] =   0x00;
 395              		.loc 1 214 12 is_stmt 0 view .LVU125
 396 0014 4268     		ldr	r2, [r0, #4]
 214:Src/main.c    ****   heth.Init.MACAddr[3] =   0x00;
 397              		.loc 1 214 24 view .LVU126
 398 0016 E121     		movs	r1, #225
 399 0018 9170     		strb	r1, [r2, #2]
 215:Src/main.c    ****   heth.Init.MACAddr[4] =   0x00;
 400              		.loc 1 215 3 is_stmt 1 view .LVU127
 215:Src/main.c    ****   heth.Init.MACAddr[4] =   0x00;
 401              		.loc 1 215 12 is_stmt 0 view .LVU128
 402 001a 4268     		ldr	r2, [r0, #4]
 215:Src/main.c    ****   heth.Init.MACAddr[4] =   0x00;
 403              		.loc 1 215 24 view .LVU129
 404 001c D370     		strb	r3, [r2, #3]
ARM GAS  C:\Users\cinar\AppData\Local\Temp\cclNl5WX.s 			page 19


 216:Src/main.c    ****   heth.Init.MACAddr[5] =   0x00;
 405              		.loc 1 216 3 is_stmt 1 view .LVU130
 216:Src/main.c    ****   heth.Init.MACAddr[5] =   0x00;
 406              		.loc 1 216 12 is_stmt 0 view .LVU131
 407 001e 4268     		ldr	r2, [r0, #4]
 216:Src/main.c    ****   heth.Init.MACAddr[5] =   0x00;
 408              		.loc 1 216 24 view .LVU132
 409 0020 1371     		strb	r3, [r2, #4]
 217:Src/main.c    ****   heth.Init.MediaInterface = HAL_ETH_RMII_MODE;
 410              		.loc 1 217 3 is_stmt 1 view .LVU133
 217:Src/main.c    ****   heth.Init.MediaInterface = HAL_ETH_RMII_MODE;
 411              		.loc 1 217 12 is_stmt 0 view .LVU134
 412 0022 4268     		ldr	r2, [r0, #4]
 217:Src/main.c    ****   heth.Init.MediaInterface = HAL_ETH_RMII_MODE;
 413              		.loc 1 217 24 view .LVU135
 414 0024 5371     		strb	r3, [r2, #5]
 218:Src/main.c    ****   heth.Init.TxDesc = DMATxDscrTab;
 415              		.loc 1 218 3 is_stmt 1 view .LVU136
 218:Src/main.c    ****   heth.Init.TxDesc = DMATxDscrTab;
 416              		.loc 1 218 28 is_stmt 0 view .LVU137
 417 0026 0123     		movs	r3, #1
 418 0028 0372     		strb	r3, [r0, #8]
 219:Src/main.c    ****   heth.Init.RxDesc = DMARxDscrTab;
 419              		.loc 1 219 3 is_stmt 1 view .LVU138
 219:Src/main.c    ****   heth.Init.RxDesc = DMARxDscrTab;
 420              		.loc 1 219 20 is_stmt 0 view .LVU139
 421 002a 0E4B     		ldr	r3, .L11+8
 422 002c C360     		str	r3, [r0, #12]
 220:Src/main.c    ****   heth.Init.RxBuffLen = 1524;
 423              		.loc 1 220 3 is_stmt 1 view .LVU140
 220:Src/main.c    ****   heth.Init.RxBuffLen = 1524;
 424              		.loc 1 220 20 is_stmt 0 view .LVU141
 425 002e 0E4B     		ldr	r3, .L11+12
 426 0030 0361     		str	r3, [r0, #16]
 221:Src/main.c    **** 
 427              		.loc 1 221 3 is_stmt 1 view .LVU142
 221:Src/main.c    **** 
 428              		.loc 1 221 23 is_stmt 0 view .LVU143
 429 0032 40F2F453 		movw	r3, #1524
 430 0036 4361     		str	r3, [r0, #20]
 227:Src/main.c    ****   {
 431              		.loc 1 227 3 is_stmt 1 view .LVU144
 227:Src/main.c    ****   {
 432              		.loc 1 227 7 is_stmt 0 view .LVU145
 433 0038 FFF7FEFF 		bl	HAL_ETH_Init
 434              	.LVL10:
 227:Src/main.c    ****   {
 435              		.loc 1 227 6 view .LVU146
 436 003c 58B9     		cbnz	r0, .L10
 232:Src/main.c    ****   TxConfig.Attributes = ETH_TX_PACKETS_FEATURES_CSUM | ETH_TX_PACKETS_FEATURES_CRCPAD;
 437              		.loc 1 232 3 is_stmt 1 view .LVU147
 438 003e 0B4C     		ldr	r4, .L11+16
 439 0040 3422     		movs	r2, #52
 440 0042 0021     		movs	r1, #0
 441 0044 2046     		mov	r0, r4
 442 0046 FFF7FEFF 		bl	memset
 443              	.LVL11:
ARM GAS  C:\Users\cinar\AppData\Local\Temp\cclNl5WX.s 			page 20


 233:Src/main.c    ****   TxConfig.ChecksumCtrl = ETH_CHECKSUM_IPHDR_PAYLOAD_INSERT_PHDR_CALC;
 444              		.loc 1 233 3 view .LVU148
 233:Src/main.c    ****   TxConfig.ChecksumCtrl = ETH_CHECKSUM_IPHDR_PAYLOAD_INSERT_PHDR_CALC;
 445              		.loc 1 233 23 is_stmt 0 view .LVU149
 446 004a 2123     		movs	r3, #33
 447 004c 2360     		str	r3, [r4]
 234:Src/main.c    ****   TxConfig.CRCPadCtrl = ETH_CRC_PAD_INSERT;
 448              		.loc 1 234 3 is_stmt 1 view .LVU150
 234:Src/main.c    ****   TxConfig.CRCPadCtrl = ETH_CRC_PAD_INSERT;
 449              		.loc 1 234 25 is_stmt 0 view .LVU151
 450 004e 4FF44033 		mov	r3, #196608
 451 0052 6361     		str	r3, [r4, #20]
 235:Src/main.c    ****   /* USER CODE BEGIN ETH_Init 2 */
 452              		.loc 1 235 3 is_stmt 1 view .LVU152
 240:Src/main.c    **** 
 453              		.loc 1 240 1 is_stmt 0 view .LVU153
 454 0054 10BD     		pop	{r4, pc}
 455              	.L10:
 229:Src/main.c    ****   }
 456              		.loc 1 229 5 is_stmt 1 view .LVU154
 457 0056 FFF7FEFF 		bl	Error_Handler
 458              	.LVL12:
 459              	.L12:
 460 005a 00BF     		.align	2
 461              	.L11:
 462 005c 00000000 		.word	.LANCHOR0
 463 0060 00800240 		.word	1073905664
 464 0064 00000000 		.word	.LANCHOR1
 465 0068 00000000 		.word	.LANCHOR2
 466 006c 00000000 		.word	.LANCHOR3
 467              		.cfi_endproc
 468              	.LFE146:
 470              		.section	.text.MX_USART3_UART_Init,"ax",%progbits
 471              		.align	1
 472              		.syntax unified
 473              		.thumb
 474              		.thumb_func
 475              		.fpu fpv5-d16
 477              	MX_USART3_UART_Init:
 478              	.LFB147:
 248:Src/main.c    **** 
 479              		.loc 1 248 1 view -0
 480              		.cfi_startproc
 481              		@ args = 0, pretend = 0, frame = 0
 482              		@ frame_needed = 0, uses_anonymous_args = 0
 483 0000 08B5     		push	{r3, lr}
 484              	.LCFI4:
 485              		.cfi_def_cfa_offset 8
 486              		.cfi_offset 3, -8
 487              		.cfi_offset 14, -4
 257:Src/main.c    ****   huart3.Init.BaudRate = 115200;
 488              		.loc 1 257 3 view .LVU156
 257:Src/main.c    ****   huart3.Init.BaudRate = 115200;
 489              		.loc 1 257 19 is_stmt 0 view .LVU157
 490 0002 1548     		ldr	r0, .L23
 491 0004 154B     		ldr	r3, .L23+4
 492 0006 0360     		str	r3, [r0]
ARM GAS  C:\Users\cinar\AppData\Local\Temp\cclNl5WX.s 			page 21


 258:Src/main.c    ****   huart3.Init.WordLength = UART_WORDLENGTH_8B;
 493              		.loc 1 258 3 is_stmt 1 view .LVU158
 258:Src/main.c    ****   huart3.Init.WordLength = UART_WORDLENGTH_8B;
 494              		.loc 1 258 24 is_stmt 0 view .LVU159
 495 0008 4FF4E133 		mov	r3, #115200
 496 000c 4360     		str	r3, [r0, #4]
 259:Src/main.c    ****   huart3.Init.StopBits = UART_STOPBITS_1;
 497              		.loc 1 259 3 is_stmt 1 view .LVU160
 259:Src/main.c    ****   huart3.Init.StopBits = UART_STOPBITS_1;
 498              		.loc 1 259 26 is_stmt 0 view .LVU161
 499 000e 0023     		movs	r3, #0
 500 0010 8360     		str	r3, [r0, #8]
 260:Src/main.c    ****   huart3.Init.Parity = UART_PARITY_NONE;
 501              		.loc 1 260 3 is_stmt 1 view .LVU162
 260:Src/main.c    ****   huart3.Init.Parity = UART_PARITY_NONE;
 502              		.loc 1 260 24 is_stmt 0 view .LVU163
 503 0012 C360     		str	r3, [r0, #12]
 261:Src/main.c    ****   huart3.Init.Mode = UART_MODE_TX_RX;
 504              		.loc 1 261 3 is_stmt 1 view .LVU164
 261:Src/main.c    ****   huart3.Init.Mode = UART_MODE_TX_RX;
 505              		.loc 1 261 22 is_stmt 0 view .LVU165
 506 0014 0361     		str	r3, [r0, #16]
 262:Src/main.c    ****   huart3.Init.HwFlowCtl = UART_HWCONTROL_NONE;
 507              		.loc 1 262 3 is_stmt 1 view .LVU166
 262:Src/main.c    ****   huart3.Init.HwFlowCtl = UART_HWCONTROL_NONE;
 508              		.loc 1 262 20 is_stmt 0 view .LVU167
 509 0016 0C22     		movs	r2, #12
 510 0018 4261     		str	r2, [r0, #20]
 263:Src/main.c    ****   huart3.Init.OverSampling = UART_OVERSAMPLING_16;
 511              		.loc 1 263 3 is_stmt 1 view .LVU168
 263:Src/main.c    ****   huart3.Init.OverSampling = UART_OVERSAMPLING_16;
 512              		.loc 1 263 25 is_stmt 0 view .LVU169
 513 001a 8361     		str	r3, [r0, #24]
 264:Src/main.c    ****   huart3.Init.OneBitSampling = UART_ONE_BIT_SAMPLE_DISABLE;
 514              		.loc 1 264 3 is_stmt 1 view .LVU170
 264:Src/main.c    ****   huart3.Init.OneBitSampling = UART_ONE_BIT_SAMPLE_DISABLE;
 515              		.loc 1 264 28 is_stmt 0 view .LVU171
 516 001c C361     		str	r3, [r0, #28]
 265:Src/main.c    ****   huart3.Init.ClockPrescaler = UART_PRESCALER_DIV1;
 517              		.loc 1 265 3 is_stmt 1 view .LVU172
 265:Src/main.c    ****   huart3.Init.ClockPrescaler = UART_PRESCALER_DIV1;
 518              		.loc 1 265 30 is_stmt 0 view .LVU173
 519 001e 0362     		str	r3, [r0, #32]
 266:Src/main.c    ****   huart3.AdvancedInit.AdvFeatureInit = UART_ADVFEATURE_NO_INIT;
 520              		.loc 1 266 3 is_stmt 1 view .LVU174
 266:Src/main.c    ****   huart3.AdvancedInit.AdvFeatureInit = UART_ADVFEATURE_NO_INIT;
 521              		.loc 1 266 30 is_stmt 0 view .LVU175
 522 0020 4362     		str	r3, [r0, #36]
 267:Src/main.c    ****   if (HAL_UART_Init(&huart3) != HAL_OK)
 523              		.loc 1 267 3 is_stmt 1 view .LVU176
 267:Src/main.c    ****   if (HAL_UART_Init(&huart3) != HAL_OK)
 524              		.loc 1 267 38 is_stmt 0 view .LVU177
 525 0022 8362     		str	r3, [r0, #40]
 268:Src/main.c    ****   {
 526              		.loc 1 268 3 is_stmt 1 view .LVU178
 268:Src/main.c    ****   {
 527              		.loc 1 268 7 is_stmt 0 view .LVU179
ARM GAS  C:\Users\cinar\AppData\Local\Temp\cclNl5WX.s 			page 22


 528 0024 FFF7FEFF 		bl	HAL_UART_Init
 529              	.LVL13:
 268:Src/main.c    ****   {
 530              		.loc 1 268 6 view .LVU180
 531 0028 70B9     		cbnz	r0, .L19
 272:Src/main.c    ****   {
 532              		.loc 1 272 3 is_stmt 1 view .LVU181
 272:Src/main.c    ****   {
 533              		.loc 1 272 7 is_stmt 0 view .LVU182
 534 002a 0021     		movs	r1, #0
 535 002c 0A48     		ldr	r0, .L23
 536 002e FFF7FEFF 		bl	HAL_UARTEx_SetTxFifoThreshold
 537              	.LVL14:
 272:Src/main.c    ****   {
 538              		.loc 1 272 6 view .LVU183
 539 0032 58B9     		cbnz	r0, .L20
 276:Src/main.c    ****   {
 540              		.loc 1 276 3 is_stmt 1 view .LVU184
 276:Src/main.c    ****   {
 541              		.loc 1 276 7 is_stmt 0 view .LVU185
 542 0034 0021     		movs	r1, #0
 543 0036 0848     		ldr	r0, .L23
 544 0038 FFF7FEFF 		bl	HAL_UARTEx_SetRxFifoThreshold
 545              	.LVL15:
 276:Src/main.c    ****   {
 546              		.loc 1 276 6 view .LVU186
 547 003c 40B9     		cbnz	r0, .L21
 280:Src/main.c    ****   {
 548              		.loc 1 280 3 is_stmt 1 view .LVU187
 280:Src/main.c    ****   {
 549              		.loc 1 280 7 is_stmt 0 view .LVU188
 550 003e 0648     		ldr	r0, .L23
 551 0040 FFF7FEFF 		bl	HAL_UARTEx_DisableFifoMode
 552              	.LVL16:
 280:Src/main.c    ****   {
 553              		.loc 1 280 6 view .LVU189
 554 0044 30B9     		cbnz	r0, .L22
 288:Src/main.c    **** 
 555              		.loc 1 288 1 view .LVU190
 556 0046 08BD     		pop	{r3, pc}
 557              	.L19:
 270:Src/main.c    ****   }
 558              		.loc 1 270 5 is_stmt 1 view .LVU191
 559 0048 FFF7FEFF 		bl	Error_Handler
 560              	.LVL17:
 561              	.L20:
 274:Src/main.c    ****   }
 562              		.loc 1 274 5 view .LVU192
 563 004c FFF7FEFF 		bl	Error_Handler
 564              	.LVL18:
 565              	.L21:
 278:Src/main.c    ****   }
 566              		.loc 1 278 5 view .LVU193
 567 0050 FFF7FEFF 		bl	Error_Handler
 568              	.LVL19:
 569              	.L22:
 282:Src/main.c    ****   }
ARM GAS  C:\Users\cinar\AppData\Local\Temp\cclNl5WX.s 			page 23


 570              		.loc 1 282 5 view .LVU194
 571 0054 FFF7FEFF 		bl	Error_Handler
 572              	.LVL20:
 573              	.L24:
 574              		.align	2
 575              	.L23:
 576 0058 00000000 		.word	.LANCHOR4
 577 005c 00480040 		.word	1073760256
 578              		.cfi_endproc
 579              	.LFE147:
 581              		.section	.text.SystemClock_Config,"ax",%progbits
 582              		.align	1
 583              		.global	SystemClock_Config
 584              		.syntax unified
 585              		.thumb
 586              		.thumb_func
 587              		.fpu fpv5-d16
 589              	SystemClock_Config:
 590              	.LFB145:
 145:Src/main.c    ****   RCC_OscInitTypeDef RCC_OscInitStruct = {0};
 591              		.loc 1 145 1 view -0
 592              		.cfi_startproc
 593              		@ args = 0, pretend = 0, frame = 112
 594              		@ frame_needed = 0, uses_anonymous_args = 0
 595 0000 00B5     		push	{lr}
 596              	.LCFI5:
 597              		.cfi_def_cfa_offset 4
 598              		.cfi_offset 14, -4
 599 0002 9DB0     		sub	sp, sp, #116
 600              	.LCFI6:
 601              		.cfi_def_cfa_offset 120
 146:Src/main.c    ****   RCC_ClkInitTypeDef RCC_ClkInitStruct = {0};
 602              		.loc 1 146 3 view .LVU196
 146:Src/main.c    ****   RCC_ClkInitTypeDef RCC_ClkInitStruct = {0};
 603              		.loc 1 146 22 is_stmt 0 view .LVU197
 604 0004 4C22     		movs	r2, #76
 605 0006 0021     		movs	r1, #0
 606 0008 09A8     		add	r0, sp, #36
 607 000a FFF7FEFF 		bl	memset
 608              	.LVL21:
 147:Src/main.c    **** 
 609              		.loc 1 147 3 is_stmt 1 view .LVU198
 147:Src/main.c    **** 
 610              		.loc 1 147 22 is_stmt 0 view .LVU199
 611 000e 2022     		movs	r2, #32
 612 0010 0021     		movs	r1, #0
 613 0012 01A8     		add	r0, sp, #4
 614 0014 FFF7FEFF 		bl	memset
 615              	.LVL22:
 151:Src/main.c    ****   /** Configure the main internal regulator output voltage
 616              		.loc 1 151 3 is_stmt 1 view .LVU200
 617 0018 0220     		movs	r0, #2
 618 001a FFF7FEFF 		bl	HAL_PWREx_ConfigSupply
 619              	.LVL23:
 154:Src/main.c    **** 
 620              		.loc 1 154 3 view .LVU201
 621              	.LBB13:
ARM GAS  C:\Users\cinar\AppData\Local\Temp\cclNl5WX.s 			page 24


 154:Src/main.c    **** 
 622              		.loc 1 154 3 view .LVU202
 623 001e 0023     		movs	r3, #0
 624 0020 0093     		str	r3, [sp]
 154:Src/main.c    **** 
 625              		.loc 1 154 3 view .LVU203
 626 0022 214B     		ldr	r3, .L32
 627 0024 9A69     		ldr	r2, [r3, #24]
 628 0026 22F44042 		bic	r2, r2, #49152
 629 002a 9A61     		str	r2, [r3, #24]
 154:Src/main.c    **** 
 630              		.loc 1 154 3 view .LVU204
 631 002c 9B69     		ldr	r3, [r3, #24]
 632 002e 03F44043 		and	r3, r3, #49152
 633 0032 0093     		str	r3, [sp]
 154:Src/main.c    **** 
 634              		.loc 1 154 3 view .LVU205
 635 0034 009B     		ldr	r3, [sp]
 636              	.LBE13:
 154:Src/main.c    **** 
 637              		.loc 1 154 3 view .LVU206
 156:Src/main.c    ****   /** Initializes the RCC Oscillators according to the specified parameters
 638              		.loc 1 156 3 view .LVU207
 639              	.L26:
 156:Src/main.c    ****   /** Initializes the RCC Oscillators according to the specified parameters
 640              		.loc 1 156 48 discriminator 1 view .LVU208
 156:Src/main.c    ****   /** Initializes the RCC Oscillators according to the specified parameters
 641              		.loc 1 156 8 discriminator 1 view .LVU209
 156:Src/main.c    ****   /** Initializes the RCC Oscillators according to the specified parameters
 642              		.loc 1 156 10 is_stmt 0 discriminator 1 view .LVU210
 643 0036 1C4B     		ldr	r3, .L32
 644 0038 9B69     		ldr	r3, [r3, #24]
 156:Src/main.c    ****   /** Initializes the RCC Oscillators according to the specified parameters
 645              		.loc 1 156 8 discriminator 1 view .LVU211
 646 003a 13F4005F 		tst	r3, #8192
 647 003e FAD0     		beq	.L26
 160:Src/main.c    ****   RCC_OscInitStruct.HSEState = RCC_HSE_BYPASS;
 648              		.loc 1 160 3 is_stmt 1 view .LVU212
 160:Src/main.c    ****   RCC_OscInitStruct.HSEState = RCC_HSE_BYPASS;
 649              		.loc 1 160 36 is_stmt 0 view .LVU213
 650 0040 2123     		movs	r3, #33
 651 0042 0993     		str	r3, [sp, #36]
 161:Src/main.c    ****   RCC_OscInitStruct.HSI48State = RCC_HSI48_ON;
 652              		.loc 1 161 3 is_stmt 1 view .LVU214
 161:Src/main.c    ****   RCC_OscInitStruct.HSI48State = RCC_HSI48_ON;
 653              		.loc 1 161 30 is_stmt 0 view .LVU215
 654 0044 4FF4A023 		mov	r3, #327680
 655 0048 0A93     		str	r3, [sp, #40]
 162:Src/main.c    ****   RCC_OscInitStruct.PLL.PLLState = RCC_PLL_ON;
 656              		.loc 1 162 3 is_stmt 1 view .LVU216
 162:Src/main.c    ****   RCC_OscInitStruct.PLL.PLLState = RCC_PLL_ON;
 657              		.loc 1 162 32 is_stmt 0 view .LVU217
 658 004a 0121     		movs	r1, #1
 659 004c 0F91     		str	r1, [sp, #60]
 163:Src/main.c    ****   RCC_OscInitStruct.PLL.PLLSource = RCC_PLLSOURCE_HSE;
 660              		.loc 1 163 3 is_stmt 1 view .LVU218
 163:Src/main.c    ****   RCC_OscInitStruct.PLL.PLLSource = RCC_PLLSOURCE_HSE;
ARM GAS  C:\Users\cinar\AppData\Local\Temp\cclNl5WX.s 			page 25


 661              		.loc 1 163 34 is_stmt 0 view .LVU219
 662 004e 0222     		movs	r2, #2
 663 0050 1292     		str	r2, [sp, #72]
 164:Src/main.c    ****   RCC_OscInitStruct.PLL.PLLM = 4;
 664              		.loc 1 164 3 is_stmt 1 view .LVU220
 164:Src/main.c    ****   RCC_OscInitStruct.PLL.PLLM = 4;
 665              		.loc 1 164 35 is_stmt 0 view .LVU221
 666 0052 1392     		str	r2, [sp, #76]
 165:Src/main.c    ****   RCC_OscInitStruct.PLL.PLLN = 275;
 667              		.loc 1 165 3 is_stmt 1 view .LVU222
 165:Src/main.c    ****   RCC_OscInitStruct.PLL.PLLN = 275;
 668              		.loc 1 165 30 is_stmt 0 view .LVU223
 669 0054 0423     		movs	r3, #4
 670 0056 1493     		str	r3, [sp, #80]
 166:Src/main.c    ****   RCC_OscInitStruct.PLL.PLLP = 1;
 671              		.loc 1 166 3 is_stmt 1 view .LVU224
 166:Src/main.c    ****   RCC_OscInitStruct.PLL.PLLP = 1;
 672              		.loc 1 166 30 is_stmt 0 view .LVU225
 673 0058 40F21310 		movw	r0, #275
 674 005c 1590     		str	r0, [sp, #84]
 167:Src/main.c    ****   RCC_OscInitStruct.PLL.PLLQ = 4;
 675              		.loc 1 167 3 is_stmt 1 view .LVU226
 167:Src/main.c    ****   RCC_OscInitStruct.PLL.PLLQ = 4;
 676              		.loc 1 167 30 is_stmt 0 view .LVU227
 677 005e 1691     		str	r1, [sp, #88]
 168:Src/main.c    ****   RCC_OscInitStruct.PLL.PLLR = 2;
 678              		.loc 1 168 3 is_stmt 1 view .LVU228
 168:Src/main.c    ****   RCC_OscInitStruct.PLL.PLLR = 2;
 679              		.loc 1 168 30 is_stmt 0 view .LVU229
 680 0060 1793     		str	r3, [sp, #92]
 169:Src/main.c    ****   RCC_OscInitStruct.PLL.PLLRGE = RCC_PLL1VCIRANGE_1;
 681              		.loc 1 169 3 is_stmt 1 view .LVU230
 169:Src/main.c    ****   RCC_OscInitStruct.PLL.PLLRGE = RCC_PLL1VCIRANGE_1;
 682              		.loc 1 169 30 is_stmt 0 view .LVU231
 683 0062 1892     		str	r2, [sp, #96]
 170:Src/main.c    ****   RCC_OscInitStruct.PLL.PLLVCOSEL = RCC_PLL1VCOWIDE;
 684              		.loc 1 170 3 is_stmt 1 view .LVU232
 170:Src/main.c    ****   RCC_OscInitStruct.PLL.PLLVCOSEL = RCC_PLL1VCOWIDE;
 685              		.loc 1 170 32 is_stmt 0 view .LVU233
 686 0064 1993     		str	r3, [sp, #100]
 171:Src/main.c    ****   RCC_OscInitStruct.PLL.PLLFRACN = 0;
 687              		.loc 1 171 3 is_stmt 1 view .LVU234
 171:Src/main.c    ****   RCC_OscInitStruct.PLL.PLLFRACN = 0;
 688              		.loc 1 171 35 is_stmt 0 view .LVU235
 689 0066 0023     		movs	r3, #0
 690 0068 1A93     		str	r3, [sp, #104]
 172:Src/main.c    ****   if (HAL_RCC_OscConfig(&RCC_OscInitStruct) != HAL_OK)
 691              		.loc 1 172 3 is_stmt 1 view .LVU236
 172:Src/main.c    ****   if (HAL_RCC_OscConfig(&RCC_OscInitStruct) != HAL_OK)
 692              		.loc 1 172 34 is_stmt 0 view .LVU237
 693 006a 1B93     		str	r3, [sp, #108]
 173:Src/main.c    ****   {
 694              		.loc 1 173 3 is_stmt 1 view .LVU238
 173:Src/main.c    ****   {
 695              		.loc 1 173 7 is_stmt 0 view .LVU239
 696 006c 09A8     		add	r0, sp, #36
 697 006e FFF7FEFF 		bl	HAL_RCC_OscConfig
ARM GAS  C:\Users\cinar\AppData\Local\Temp\cclNl5WX.s 			page 26


 698              	.LVL24:
 173:Src/main.c    ****   {
 699              		.loc 1 173 6 view .LVU240
 700 0072 A8B9     		cbnz	r0, .L30
 179:Src/main.c    ****                               |RCC_CLOCKTYPE_PCLK1|RCC_CLOCKTYPE_PCLK2
 701              		.loc 1 179 3 is_stmt 1 view .LVU241
 179:Src/main.c    ****                               |RCC_CLOCKTYPE_PCLK1|RCC_CLOCKTYPE_PCLK2
 702              		.loc 1 179 31 is_stmt 0 view .LVU242
 703 0074 3F23     		movs	r3, #63
 704 0076 0193     		str	r3, [sp, #4]
 182:Src/main.c    ****   RCC_ClkInitStruct.SYSCLKDivider = RCC_SYSCLK_DIV1;
 705              		.loc 1 182 3 is_stmt 1 view .LVU243
 182:Src/main.c    ****   RCC_ClkInitStruct.SYSCLKDivider = RCC_SYSCLK_DIV1;
 706              		.loc 1 182 34 is_stmt 0 view .LVU244
 707 0078 0321     		movs	r1, #3
 708 007a 0291     		str	r1, [sp, #8]
 183:Src/main.c    ****   RCC_ClkInitStruct.AHBCLKDivider = RCC_HCLK_DIV2;
 709              		.loc 1 183 3 is_stmt 1 view .LVU245
 183:Src/main.c    ****   RCC_ClkInitStruct.AHBCLKDivider = RCC_HCLK_DIV2;
 710              		.loc 1 183 35 is_stmt 0 view .LVU246
 711 007c 0023     		movs	r3, #0
 712 007e 0393     		str	r3, [sp, #12]
 184:Src/main.c    ****   RCC_ClkInitStruct.APB3CLKDivider = RCC_APB3_DIV2;
 713              		.loc 1 184 3 is_stmt 1 view .LVU247
 184:Src/main.c    ****   RCC_ClkInitStruct.APB3CLKDivider = RCC_APB3_DIV2;
 714              		.loc 1 184 35 is_stmt 0 view .LVU248
 715 0080 0823     		movs	r3, #8
 716 0082 0493     		str	r3, [sp, #16]
 185:Src/main.c    ****   RCC_ClkInitStruct.APB1CLKDivider = RCC_APB1_DIV2;
 717              		.loc 1 185 3 is_stmt 1 view .LVU249
 185:Src/main.c    ****   RCC_ClkInitStruct.APB1CLKDivider = RCC_APB1_DIV2;
 718              		.loc 1 185 36 is_stmt 0 view .LVU250
 719 0084 4023     		movs	r3, #64
 720 0086 0593     		str	r3, [sp, #20]
 186:Src/main.c    ****   RCC_ClkInitStruct.APB2CLKDivider = RCC_APB2_DIV2;
 721              		.loc 1 186 3 is_stmt 1 view .LVU251
 186:Src/main.c    ****   RCC_ClkInitStruct.APB2CLKDivider = RCC_APB2_DIV2;
 722              		.loc 1 186 36 is_stmt 0 view .LVU252
 723 0088 0693     		str	r3, [sp, #24]
 187:Src/main.c    ****   RCC_ClkInitStruct.APB4CLKDivider = RCC_APB4_DIV2;
 724              		.loc 1 187 3 is_stmt 1 view .LVU253
 187:Src/main.c    ****   RCC_ClkInitStruct.APB4CLKDivider = RCC_APB4_DIV2;
 725              		.loc 1 187 36 is_stmt 0 view .LVU254
 726 008a 4FF48062 		mov	r2, #1024
 727 008e 0792     		str	r2, [sp, #28]
 188:Src/main.c    **** 
 728              		.loc 1 188 3 is_stmt 1 view .LVU255
 188:Src/main.c    **** 
 729              		.loc 1 188 36 is_stmt 0 view .LVU256
 730 0090 0893     		str	r3, [sp, #32]
 190:Src/main.c    ****   {
 731              		.loc 1 190 3 is_stmt 1 view .LVU257
 190:Src/main.c    ****   {
 732              		.loc 1 190 7 is_stmt 0 view .LVU258
 733 0092 01A8     		add	r0, sp, #4
 734 0094 FFF7FEFF 		bl	HAL_RCC_ClockConfig
 735              	.LVL25:
ARM GAS  C:\Users\cinar\AppData\Local\Temp\cclNl5WX.s 			page 27


 190:Src/main.c    ****   {
 736              		.loc 1 190 6 view .LVU259
 737 0098 20B9     		cbnz	r0, .L31
 194:Src/main.c    **** 
 738              		.loc 1 194 1 view .LVU260
 739 009a 1DB0     		add	sp, sp, #116
 740              	.LCFI7:
 741              		.cfi_remember_state
 742              		.cfi_def_cfa_offset 4
 743              		@ sp needed
 744 009c 5DF804FB 		ldr	pc, [sp], #4
 745              	.L30:
 746              	.LCFI8:
 747              		.cfi_restore_state
 175:Src/main.c    ****   }
 748              		.loc 1 175 5 is_stmt 1 view .LVU261
 749 00a0 FFF7FEFF 		bl	Error_Handler
 750              	.LVL26:
 751              	.L31:
 192:Src/main.c    ****   }
 752              		.loc 1 192 5 view .LVU262
 753 00a4 FFF7FEFF 		bl	Error_Handler
 754              	.LVL27:
 755              	.L33:
 756              		.align	2
 757              	.L32:
 758 00a8 00480258 		.word	1476544512
 759              		.cfi_endproc
 760              	.LFE145:
 762              		.section	.text.main,"ax",%progbits
 763              		.align	1
 764              		.global	main
 765              		.syntax unified
 766              		.thumb
 767              		.thumb_func
 768              		.fpu fpv5-d16
 770              	main:
 771              	.LFB144:
  97:Src/main.c    ****   /* USER CODE BEGIN 1 */
 772              		.loc 1 97 1 view -0
 773              		.cfi_startproc
 774              		@ Volatile: function does not return.
 775              		@ args = 0, pretend = 0, frame = 0
 776              		@ frame_needed = 0, uses_anonymous_args = 0
 777 0000 08B5     		push	{r3, lr}
 778              	.LCFI9:
 779              		.cfi_def_cfa_offset 8
 780              		.cfi_offset 3, -8
 781              		.cfi_offset 14, -4
 105:Src/main.c    **** 
 782              		.loc 1 105 3 view .LVU264
 783 0002 FFF7FEFF 		bl	HAL_Init
 784              	.LVL28:
 112:Src/main.c    **** 
 785              		.loc 1 112 3 view .LVU265
 786 0006 FFF7FEFF 		bl	SystemClock_Config
 787              	.LVL29:
ARM GAS  C:\Users\cinar\AppData\Local\Temp\cclNl5WX.s 			page 28


 119:Src/main.c    ****   MX_ETH_Init();
 788              		.loc 1 119 3 view .LVU266
 789 000a FFF7FEFF 		bl	MX_GPIO_Init
 790              	.LVL30:
 120:Src/main.c    ****   MX_USART3_UART_Init();
 791              		.loc 1 120 3 view .LVU267
 792 000e FFF7FEFF 		bl	MX_ETH_Init
 793              	.LVL31:
 121:Src/main.c    ****   MX_USB_OTG_HS_USB_Init();
 794              		.loc 1 121 3 view .LVU268
 795 0012 FFF7FEFF 		bl	MX_USART3_UART_Init
 796              	.LVL32:
 122:Src/main.c    ****   /* USER CODE BEGIN 2 */
 797              		.loc 1 122 3 view .LVU269
 798              	.L35:
 129:Src/main.c    ****   {
 799              		.loc 1 129 3 discriminator 1 view .LVU270
 134:Src/main.c    **** 	HAL_Delay(100);
 800              		.loc 1 134 2 discriminator 1 view .LVU271
 801 0016 0221     		movs	r1, #2
 802 0018 0348     		ldr	r0, .L37
 803 001a FFF7FEFF 		bl	HAL_GPIO_TogglePin
 804              	.LVL33:
 135:Src/main.c    ****   }
 805              		.loc 1 135 2 discriminator 1 view .LVU272
 806 001e 6420     		movs	r0, #100
 807 0020 FFF7FEFF 		bl	HAL_Delay
 808              	.LVL34:
 129:Src/main.c    ****   {
 809              		.loc 1 129 9 discriminator 1 view .LVU273
 810 0024 F7E7     		b	.L35
 811              	.L38:
 812 0026 00BF     		.align	2
 813              	.L37:
 814 0028 00100258 		.word	1476530176
 815              		.cfi_endproc
 816              	.LFE144:
 818              		.global	huart3
 819              		.global	heth
 820              		.global	TxConfig
 821              		.global	Rx_Buff
 822              		.global	DMATxDscrTab
 823              		.global	DMARxDscrTab
 824              		.section	.RxArraySection,"aw"
 825              		.align	2
 828              	Rx_Buff:
 829 0000 00000000 		.space	6112
 829      00000000 
 829      00000000 
 829      00000000 
 829      00000000 
 830              		.section	.RxDecripSection,"aw"
 831              		.align	2
 832              		.set	.LANCHOR2,. + 0
 835              	DMARxDscrTab:
 836 0000 00000000 		.space	96
 836      00000000 
ARM GAS  C:\Users\cinar\AppData\Local\Temp\cclNl5WX.s 			page 29


 836      00000000 
 836      00000000 
 836      00000000 
 837              		.section	.TxDecripSection,"aw"
 838              		.align	2
 839              		.set	.LANCHOR1,. + 0
 842              	DMATxDscrTab:
 843 0000 00000000 		.space	96
 843      00000000 
 843      00000000 
 843      00000000 
 843      00000000 
 844              		.section	.bss.TxConfig,"aw",%nobits
 845              		.align	2
 846              		.set	.LANCHOR3,. + 0
 849              	TxConfig:
 850 0000 00000000 		.space	52
 850      00000000 
 850      00000000 
 850      00000000 
 850      00000000 
 851              		.section	.bss.heth,"aw",%nobits
 852              		.align	2
 853              		.set	.LANCHOR0,. + 0
 856              	heth:
 857 0000 00000000 		.space	136
 857      00000000 
 857      00000000 
 857      00000000 
 857      00000000 
 858              		.section	.bss.huart3,"aw",%nobits
 859              		.align	2
 860              		.set	.LANCHOR4,. + 0
 863              	huart3:
 864 0000 00000000 		.space	144
 864      00000000 
 864      00000000 
 864      00000000 
 864      00000000 
 865              		.text
 866              	.Letext0:
 867              		.file 3 "c:\\dev\\tools\\gcc-arm-none-eabi-10-2020-q4-major\\arm-none-eabi\\include\\machine\\_def
 868              		.file 4 "c:\\dev\\tools\\gcc-arm-none-eabi-10-2020-q4-major\\arm-none-eabi\\include\\sys\\_stdint.
 869              		.file 5 "Drivers/CMSIS/Device/ST/STM32H7xx/Include/stm32h723xx.h"
 870              		.file 6 "Drivers/STM32H7xx_HAL_Driver/Inc/stm32h7xx_hal_def.h"
 871              		.file 7 "Drivers/STM32H7xx_HAL_Driver/Inc/stm32h7xx_hal_rcc.h"
 872              		.file 8 "Drivers/STM32H7xx_HAL_Driver/Inc/stm32h7xx_hal_gpio.h"
 873              		.file 9 "Drivers/STM32H7xx_HAL_Driver/Inc/stm32h7xx_hal_dma.h"
 874              		.file 10 "Drivers/STM32H7xx_HAL_Driver/Inc/stm32h7xx_hal_eth.h"
 875              		.file 11 "Drivers/STM32H7xx_HAL_Driver/Inc/stm32h7xx_hal_uart.h"
 876              		.file 12 "Drivers/STM32H7xx_HAL_Driver/Inc/stm32h7xx_hal_uart_ex.h"
 877              		.file 13 "Drivers/STM32H7xx_HAL_Driver/Inc/stm32h7xx_hal_pwr_ex.h"
 878              		.file 14 "Drivers/STM32H7xx_HAL_Driver/Inc/stm32h7xx_hal.h"
 879              		.file 15 "<built-in>"
ARM GAS  C:\Users\cinar\AppData\Local\Temp\cclNl5WX.s 			page 30


DEFINED SYMBOLS
                            *ABS*:00000000 main.c
C:\Users\cinar\AppData\Local\Temp\cclNl5WX.s:17     .text.MX_GPIO_Init:00000000 $t
C:\Users\cinar\AppData\Local\Temp\cclNl5WX.s:24     .text.MX_GPIO_Init:00000000 MX_GPIO_Init
C:\Users\cinar\AppData\Local\Temp\cclNl5WX.s:310    .text.MX_GPIO_Init:00000178 $d
C:\Users\cinar\AppData\Local\Temp\cclNl5WX.s:321    .text.Error_Handler:00000000 $t
C:\Users\cinar\AppData\Local\Temp\cclNl5WX.s:328    .text.Error_Handler:00000000 Error_Handler
C:\Users\cinar\AppData\Local\Temp\cclNl5WX.s:360    .text.MX_ETH_Init:00000000 $t
C:\Users\cinar\AppData\Local\Temp\cclNl5WX.s:366    .text.MX_ETH_Init:00000000 MX_ETH_Init
C:\Users\cinar\AppData\Local\Temp\cclNl5WX.s:462    .text.MX_ETH_Init:0000005c $d
C:\Users\cinar\AppData\Local\Temp\cclNl5WX.s:471    .text.MX_USART3_UART_Init:00000000 $t
C:\Users\cinar\AppData\Local\Temp\cclNl5WX.s:477    .text.MX_USART3_UART_Init:00000000 MX_USART3_UART_Init
C:\Users\cinar\AppData\Local\Temp\cclNl5WX.s:576    .text.MX_USART3_UART_Init:00000058 $d
C:\Users\cinar\AppData\Local\Temp\cclNl5WX.s:582    .text.SystemClock_Config:00000000 $t
C:\Users\cinar\AppData\Local\Temp\cclNl5WX.s:589    .text.SystemClock_Config:00000000 SystemClock_Config
C:\Users\cinar\AppData\Local\Temp\cclNl5WX.s:758    .text.SystemClock_Config:000000a8 $d
C:\Users\cinar\AppData\Local\Temp\cclNl5WX.s:763    .text.main:00000000 $t
C:\Users\cinar\AppData\Local\Temp\cclNl5WX.s:770    .text.main:00000000 main
C:\Users\cinar\AppData\Local\Temp\cclNl5WX.s:814    .text.main:00000028 $d
C:\Users\cinar\AppData\Local\Temp\cclNl5WX.s:863    .bss.huart3:00000000 huart3
C:\Users\cinar\AppData\Local\Temp\cclNl5WX.s:856    .bss.heth:00000000 heth
C:\Users\cinar\AppData\Local\Temp\cclNl5WX.s:849    .bss.TxConfig:00000000 TxConfig
C:\Users\cinar\AppData\Local\Temp\cclNl5WX.s:828    .RxArraySection:00000000 Rx_Buff
C:\Users\cinar\AppData\Local\Temp\cclNl5WX.s:842    .TxDecripSection:00000000 DMATxDscrTab
C:\Users\cinar\AppData\Local\Temp\cclNl5WX.s:835    .RxDecripSection:00000000 DMARxDscrTab
C:\Users\cinar\AppData\Local\Temp\cclNl5WX.s:825    .RxArraySection:00000000 $d
C:\Users\cinar\AppData\Local\Temp\cclNl5WX.s:831    .RxDecripSection:00000000 $d
C:\Users\cinar\AppData\Local\Temp\cclNl5WX.s:838    .TxDecripSection:00000000 $d
C:\Users\cinar\AppData\Local\Temp\cclNl5WX.s:845    .bss.TxConfig:00000000 $d
C:\Users\cinar\AppData\Local\Temp\cclNl5WX.s:852    .bss.heth:00000000 $d
C:\Users\cinar\AppData\Local\Temp\cclNl5WX.s:859    .bss.huart3:00000000 $d

UNDEFINED SYMBOLS
HAL_GPIO_WritePin
HAL_GPIO_Init
HAL_ETH_Init
memset
HAL_UART_Init
HAL_UARTEx_SetTxFifoThreshold
HAL_UARTEx_SetRxFifoThreshold
HAL_UARTEx_DisableFifoMode
HAL_PWREx_ConfigSupply
HAL_RCC_OscConfig
HAL_RCC_ClockConfig
HAL_Init
HAL_GPIO_TogglePin
HAL_Delay
